2025-07-21T18:10:45.491+05:30  INFO [enrollment-service,traceId = &X{traceId},spanId=] 4844 --- [enrollment-service] [restartedMain] [                                                 ] c.e.EnrollmentServiceApplication         : Starting EnrollmentServiceApplication using Java 23.0.1 with PID 4844 (C:\Users\mihir\Downloads\enrollment-service\enrollment-service\target\classes started by mihir in C:\Users\mihir\Downloads\MP\course-service)
2025-07-21T18:10:45.493+05:30  INFO [enrollment-service,traceId = &X{traceId},spanId=] 4844 --- [enrollment-service] [restartedMain] [                                                 ] c.e.EnrollmentServiceApplication         : No active profile set, falling back to 1 default profile: "default"
2025-07-21T18:10:45.586+05:30  INFO [enrollment-service,traceId = &X{traceId},spanId=] 4844 --- [enrollment-service] [restartedMain] [                                                 ] .e.DevToolsPropertyDefaultsPostProcessor : Devtools property defaults active! Set 'spring.devtools.add-properties' to 'false' to disable
2025-07-21T18:10:45.586+05:30  INFO [enrollment-service,traceId = &X{traceId},spanId=] 4844 --- [enrollment-service] [restartedMain] [                                                 ] .e.DevToolsPropertyDefaultsPostProcessor : For additional web related logging consider setting the 'logging.level.web' property to 'DEBUG'
2025-07-21T18:10:48.104+05:30  INFO [enrollment-service,traceId = &X{traceId},spanId=] 4844 --- [enrollment-service] [restartedMain] [                                                 ] .s.d.r.c.RepositoryConfigurationDelegate : Bootstrapping Spring Data JPA repositories in DEFAULT mode.
2025-07-21T18:10:48.499+05:30  INFO [enrollment-service,traceId = &X{traceId},spanId=] 4844 --- [enrollment-service] [restartedMain] [                                                 ] .s.d.r.c.RepositoryConfigurationDelegate : Finished Spring Data repository scanning in 382 ms. Found 1 JPA repository interface.
2025-07-21T18:10:49.036+05:30  INFO [enrollment-service,traceId = &X{traceId},spanId=] 4844 --- [enrollment-service] [restartedMain] [                                                 ] o.s.cloud.context.scope.GenericScope     : BeanFactory id=2174d461-de5a-3c80-b9ba-df082520d8a4
2025-07-21T18:10:49.887+05:30  INFO [enrollment-service,traceId = &X{traceId},spanId=] 4844 --- [enrollment-service] [restartedMain] [                                                 ] o.s.b.w.embedded.tomcat.TomcatWebServer  : Tomcat initialized with port 8053 (http)
2025-07-21T18:10:49.905+05:30  INFO [enrollment-service,traceId = &X{traceId},spanId=] 4844 --- [enrollment-service] [restartedMain] [                                                 ] o.apache.catalina.core.StandardService   : Starting service [Tomcat]
2025-07-21T18:10:49.906+05:30  INFO [enrollment-service,traceId = &X{traceId},spanId=] 4844 --- [enrollment-service] [restartedMain] [                                                 ] o.apache.catalina.core.StandardEngine    : Starting Servlet engine: [Apache Tomcat/10.1.42]
2025-07-21T18:10:50.009+05:30  INFO [enrollment-service,traceId = &X{traceId},spanId=] 4844 --- [enrollment-service] [restartedMain] [                                                 ] o.a.c.c.C.[Tomcat].[localhost].[/]       : Initializing Spring embedded WebApplicationContext
2025-07-21T18:10:50.010+05:30  INFO [enrollment-service,traceId = &X{traceId},spanId=] 4844 --- [enrollment-service] [restartedMain] [                                                 ] w.s.c.ServletWebServerApplicationContext : Root WebApplicationContext: initialization completed in 4423 ms
2025-07-21T18:10:50.041+05:30 ERROR [enrollment-service,traceId = &X{traceId},spanId=] 4844 --- [enrollment-service] [restartedMain] [                                                 ] o.s.b.web.embedded.tomcat.TomcatStarter  : Error starting Tomcat context. Exception: org.springframework.beans.factory.UnsatisfiedDependencyException. Message: Error creating bean with name 'webMvcObservationFilter' defined in class path resource [org/springframework/boot/actuate/autoconfigure/observation/web/servlet/WebMvcObservationAutoConfiguration.class]: Unsatisfied dependency expressed through method 'webMvcObservationFilter' parameter 0: Error creating bean with name 'observationRegistry' defined in class path resource [org/springframework/boot/actuate/autoconfigure/observation/ObservationAutoConfiguration.class]: Error creating bean with name 'defaultTracingObservationHandler' defined in class path resource [org/springframework/boot/actuate/autoconfigure/tracing/MicrometerTracingAutoConfiguration.class]: Unsatisfied dependency expressed through method 'defaultTracingObservationHandler' parameter 0: Error creating bean with name 'org.springframework.boot.actuate.autoconfigure.tracing.BraveAutoConfiguration': Unsatisfied dependency expressed through constructor parameter 0: Error creating bean with name 'management.tracing-org.springframework.boot.actuate.autoconfigure.tracing.TracingProperties': Could not bind properties to 'TracingProperties' : prefix=management.tracing, ignoreInvalidFields=false, ignoreUnknownFields=true
2025-07-21T18:10:50.073+05:30  INFO [enrollment-service,traceId = &X{traceId},spanId=] 4844 --- [enrollment-service] [restartedMain] [                                                 ] o.apache.catalina.core.StandardService   : Stopping service [Tomcat]
2025-07-21T18:10:50.093+05:30  WARN [enrollment-service,traceId = &X{traceId},spanId=] 4844 --- [enrollment-service] [restartedMain] [                                                 ] ConfigServletWebServerApplicationContext : Exception encountered during context initialization - cancelling refresh attempt: org.springframework.context.ApplicationContextException: Unable to start web server
2025-07-21T18:10:50.175+05:30  INFO [enrollment-service,traceId = &X{traceId},spanId=] 4844 --- [enrollment-service] [restartedMain] [                                                 ] .s.b.a.l.ConditionEvaluationReportLogger : 

Error starting ApplicationContext. To display the condition evaluation report re-run your application with 'debug' enabled.
2025-07-21T18:10:50.226+05:30 ERROR [enrollment-service,traceId = &X{traceId},spanId=] 4844 --- [enrollment-service] [restartedMain] [                                                 ] o.s.b.d.LoggingFailureAnalysisReporter   : 

***************************
APPLICATION FAILED TO START
***************************

Description:

Failed to bind properties under 'management.tracing.sampling.probability' to float:

    Property: management.tracing.sampling.probability
    Value: "0.1.0"
    Origin: class path resource [application.properties] - 6:41
    Reason: failed to convert java.lang.String to float (caused by java.lang.NumberFormatException: multiple points)

Action:

Update your application's configuration

2025-07-21T18:11:33.362+05:30  INFO [enrollment-service,traceId = &X{traceId},spanId=] 25344 --- [enrollment-service] [restartedMain] [                                                 ] c.e.EnrollmentServiceApplication         : Starting EnrollmentServiceApplication using Java 23.0.1 with PID 25344 (C:\Users\mihir\Downloads\enrollment-service\enrollment-service\target\classes started by mihir in C:\Users\mihir\Downloads\MP\course-service)
2025-07-21T18:11:33.368+05:30  INFO [enrollment-service,traceId = &X{traceId},spanId=] 25344 --- [enrollment-service] [restartedMain] [                                                 ] c.e.EnrollmentServiceApplication         : No active profile set, falling back to 1 default profile: "default"
2025-07-21T18:11:33.488+05:30  INFO [enrollment-service,traceId = &X{traceId},spanId=] 25344 --- [enrollment-service] [restartedMain] [                                                 ] .e.DevToolsPropertyDefaultsPostProcessor : Devtools property defaults active! Set 'spring.devtools.add-properties' to 'false' to disable
2025-07-21T18:11:33.489+05:30  INFO [enrollment-service,traceId = &X{traceId},spanId=] 25344 --- [enrollment-service] [restartedMain] [                                                 ] .e.DevToolsPropertyDefaultsPostProcessor : For additional web related logging consider setting the 'logging.level.web' property to 'DEBUG'
2025-07-21T18:11:37.876+05:30  INFO [enrollment-service,traceId = &X{traceId},spanId=] 25344 --- [enrollment-service] [restartedMain] [                                                 ] .s.d.r.c.RepositoryConfigurationDelegate : Bootstrapping Spring Data JPA repositories in DEFAULT mode.
2025-07-21T18:11:38.187+05:30  INFO [enrollment-service,traceId = &X{traceId},spanId=] 25344 --- [enrollment-service] [restartedMain] [                                                 ] .s.d.r.c.RepositoryConfigurationDelegate : Finished Spring Data repository scanning in 297 ms. Found 1 JPA repository interface.
2025-07-21T18:11:38.678+05:30  INFO [enrollment-service,traceId = &X{traceId},spanId=] 25344 --- [enrollment-service] [restartedMain] [                                                 ] o.s.cloud.context.scope.GenericScope     : BeanFactory id=2174d461-de5a-3c80-b9ba-df082520d8a4
2025-07-21T18:11:39.700+05:30  INFO [enrollment-service,traceId = &X{traceId},spanId=] 25344 --- [enrollment-service] [restartedMain] [                                                 ] o.s.b.w.embedded.tomcat.TomcatWebServer  : Tomcat initialized with port 8053 (http)
2025-07-21T18:11:39.718+05:30  INFO [enrollment-service,traceId = &X{traceId},spanId=] 25344 --- [enrollment-service] [restartedMain] [                                                 ] o.apache.catalina.core.StandardService   : Starting service [Tomcat]
2025-07-21T18:11:39.719+05:30  INFO [enrollment-service,traceId = &X{traceId},spanId=] 25344 --- [enrollment-service] [restartedMain] [                                                 ] o.apache.catalina.core.StandardEngine    : Starting Servlet engine: [Apache Tomcat/10.1.42]
2025-07-21T18:11:39.801+05:30  INFO [enrollment-service,traceId = &X{traceId},spanId=] 25344 --- [enrollment-service] [restartedMain] [                                                 ] o.a.c.c.C.[Tomcat].[localhost].[/]       : Initializing Spring embedded WebApplicationContext
2025-07-21T18:11:39.802+05:30  INFO [enrollment-service,traceId = &X{traceId},spanId=] 25344 --- [enrollment-service] [restartedMain] [                                                 ] w.s.c.ServletWebServerApplicationContext : Root WebApplicationContext: initialization completed in 6311 ms
2025-07-21T18:11:40.647+05:30  INFO [enrollment-service,traceId = &X{traceId},spanId=] 25344 --- [enrollment-service] [restartedMain] [                                                 ] o.hibernate.jpa.internal.util.LogHelper  : HHH000204: Processing PersistenceUnitInfo [name: default]
2025-07-21T18:11:40.774+05:30  INFO [enrollment-service,traceId = &X{traceId},spanId=] 25344 --- [enrollment-service] [restartedMain] [                                                 ] org.hibernate.Version                    : HHH000412: Hibernate ORM core version 6.6.18.Final
2025-07-21T18:11:40.814+05:30  INFO [enrollment-service,traceId = &X{traceId},spanId=] 25344 --- [enrollment-service] [restartedMain] [                                                 ] o.h.c.internal.RegionFactoryInitiator    : HHH000026: Second-level cache disabled
2025-07-21T18:11:41.191+05:30  INFO [enrollment-service,traceId = &X{traceId},spanId=] 25344 --- [enrollment-service] [restartedMain] [                                                 ] o.s.o.j.p.SpringPersistenceUnitInfo      : No LoadTimeWeaver setup: ignoring JPA class transformer
2025-07-21T18:11:41.253+05:30  INFO [enrollment-service,traceId = &X{traceId},spanId=] 25344 --- [enrollment-service] [restartedMain] [                                                 ] com.zaxxer.hikari.HikariDataSource       : HikariPool-1 - Starting...
2025-07-21T18:11:41.791+05:30  INFO [enrollment-service,traceId = &X{traceId},spanId=] 25344 --- [enrollment-service] [restartedMain] [                                                 ] com.zaxxer.hikari.pool.HikariPool        : HikariPool-1 - Added connection com.mysql.cj.jdbc.ConnectionImpl@1fee5c42
2025-07-21T18:11:41.794+05:30  INFO [enrollment-service,traceId = &X{traceId},spanId=] 25344 --- [enrollment-service] [restartedMain] [                                                 ] com.zaxxer.hikari.HikariDataSource       : HikariPool-1 - Start completed.
2025-07-21T18:11:41.974+05:30  INFO [enrollment-service,traceId = &X{traceId},spanId=] 25344 --- [enrollment-service] [restartedMain] [                                                 ] org.hibernate.orm.connections.pooling    : HHH10001005: Database info:
	Database JDBC URL [Connecting through datasource 'HikariDataSource (HikariPool-1)']
	Database driver: undefined/unknown
	Database version: 8.0.39
	Autocommit mode: undefined/unknown
	Isolation level: undefined/unknown
	Minimum pool size: undefined/unknown
	Maximum pool size: undefined/unknown
2025-07-21T18:11:43.432+05:30  INFO [enrollment-service,traceId = &X{traceId},spanId=] 25344 --- [enrollment-service] [restartedMain] [                                                 ] o.h.e.t.j.p.i.JtaPlatformInitiator       : HHH000489: No JTA platform available (set 'hibernate.transaction.jta.platform' to enable JTA platform integration)
2025-07-21T18:11:43.544+05:30  INFO [enrollment-service,traceId = &X{traceId},spanId=] 25344 --- [enrollment-service] [restartedMain] [                                                 ] j.LocalContainerEntityManagerFactoryBean : Initialized JPA EntityManagerFactory for persistence unit 'default'
2025-07-21T18:11:44.209+05:30  WARN [enrollment-service,traceId = &X{traceId},spanId=] 25344 --- [enrollment-service] [restartedMain] [                                                 ] JpaBaseConfiguration$JpaWebConfiguration : spring.jpa.open-in-view is enabled by default. Therefore, database queries may be performed during view rendering. Explicitly configure spring.jpa.open-in-view to disable this warning
2025-07-21T18:11:44.264+05:30  WARN [enrollment-service,traceId = &X{traceId},spanId=] 25344 --- [enrollment-service] [restartedMain] [                                                 ] o.s.b.d.a.OptionalLiveReloadServer       : Unable to start LiveReload server
2025-07-21T18:11:44.319+05:30  INFO [enrollment-service,traceId = &X{traceId},spanId=] 25344 --- [enrollment-service] [restartedMain] [                                                 ] o.s.c.openfeign.FeignClientFactoryBean   : For 'student-service' URL not provided. Will try picking an instance via load-balancing.
2025-07-21T18:11:44.469+05:30  INFO [enrollment-service,traceId = &X{traceId},spanId=] 25344 --- [enrollment-service] [restartedMain] [                                                 ] o.s.c.openfeign.FeignClientFactoryBean   : For 'course-service' URL not provided. Will try picking an instance via load-balancing.
2025-07-21T18:11:45.850+05:30  INFO [enrollment-service,traceId = &X{traceId},spanId=] 25344 --- [enrollment-service] [restartedMain] [                                                 ] DiscoveryClientOptionalArgsConfiguration : Eureka HTTP Client uses RestTemplate.
2025-07-21T18:11:45.886+05:30  WARN [enrollment-service,traceId = &X{traceId},spanId=] 25344 --- [enrollment-service] [restartedMain] [                                                 ] iguration$LoadBalancerCaffeineWarnLogger : Spring Cloud LoadBalancer is currently working with the default cache. While this cache implementation is useful for development and tests, it's recommended to use Caffeine cache in production.You can switch to using Caffeine cache, by adding it and org.springframework.cache.caffeine.CaffeineCacheManager to the classpath.
2025-07-21T18:11:45.902+05:30  INFO [enrollment-service,traceId = &X{traceId},spanId=] 25344 --- [enrollment-service] [restartedMain] [                                                 ] o.s.b.a.e.web.EndpointLinksResolver      : Exposing 1 endpoint beneath base path '/actuator'
2025-07-21T18:11:46.062+05:30  INFO [enrollment-service,traceId = &X{traceId},spanId=] 25344 --- [enrollment-service] [restartedMain] [                                                 ] o.s.c.n.eureka.InstanceInfoFactory       : Setting initial instance status as: STARTING
2025-07-21T18:11:46.097+05:30  INFO [enrollment-service,traceId = &X{traceId},spanId=] 25344 --- [enrollment-service] [restartedMain] [                                                 ] com.netflix.discovery.DiscoveryClient    : Initializing Eureka in region us-east-1
2025-07-21T18:11:46.101+05:30  INFO [enrollment-service,traceId = &X{traceId},spanId=] 25344 --- [enrollment-service] [restartedMain] [                                                 ] c.n.d.s.r.aws.ConfigClusterResolver      : Resolving eureka endpoints via configuration
2025-07-21T18:11:46.110+05:30  INFO [enrollment-service,traceId = &X{traceId},spanId=] 25344 --- [enrollment-service] [restartedMain] [                                                 ] com.netflix.discovery.DiscoveryClient    : Disable delta property : false
2025-07-21T18:11:46.110+05:30  INFO [enrollment-service,traceId = &X{traceId},spanId=] 25344 --- [enrollment-service] [restartedMain] [                                                 ] com.netflix.discovery.DiscoveryClient    : Single vip registry refresh property : null
2025-07-21T18:11:46.110+05:30  INFO [enrollment-service,traceId = &X{traceId},spanId=] 25344 --- [enrollment-service] [restartedMain] [                                                 ] com.netflix.discovery.DiscoveryClient    : Force full registry fetch : false
2025-07-21T18:11:46.110+05:30  INFO [enrollment-service,traceId = &X{traceId},spanId=] 25344 --- [enrollment-service] [restartedMain] [                                                 ] com.netflix.discovery.DiscoveryClient    : Application is null : false
2025-07-21T18:11:46.110+05:30  INFO [enrollment-service,traceId = &X{traceId},spanId=] 25344 --- [enrollment-service] [restartedMain] [                                                 ] com.netflix.discovery.DiscoveryClient    : Registered Applications size is zero : true
2025-07-21T18:11:46.110+05:30  INFO [enrollment-service,traceId = &X{traceId},spanId=] 25344 --- [enrollment-service] [restartedMain] [                                                 ] com.netflix.discovery.DiscoveryClient    : Application version is -1: true
2025-07-21T18:11:46.110+05:30  INFO [enrollment-service,traceId = &X{traceId},spanId=] 25344 --- [enrollment-service] [restartedMain] [                                                 ] com.netflix.discovery.DiscoveryClient    : Getting all instance registry info from the eureka server
2025-07-21T18:11:46.547+05:30  INFO [enrollment-service,traceId = &X{traceId},spanId=] 25344 --- [enrollment-service] [restartedMain] [                                                 ] com.netflix.discovery.DiscoveryClient    : The response status is 200
2025-07-21T18:11:46.549+05:30  INFO [enrollment-service,traceId = &X{traceId},spanId=] 25344 --- [enrollment-service] [restartedMain] [                                                 ] com.netflix.discovery.DiscoveryClient    : Starting heartbeat executor: renew interval is: 30
2025-07-21T18:11:46.552+05:30  INFO [enrollment-service,traceId = &X{traceId},spanId=] 25344 --- [enrollment-service] [restartedMain] [                                                 ] c.n.discovery.InstanceInfoReplicator     : InstanceInfoReplicator onDemand update allowed rate per min is 4
2025-07-21T18:11:46.554+05:30  INFO [enrollment-service,traceId = &X{traceId},spanId=] 25344 --- [enrollment-service] [restartedMain] [                                                 ] com.netflix.discovery.DiscoveryClient    : Discovery Client initialized at timestamp 1753101706553 with initial instances count: 4
2025-07-21T18:11:46.558+05:30  INFO [enrollment-service,traceId = &X{traceId},spanId=] 25344 --- [enrollment-service] [restartedMain] [                                                 ] o.s.c.n.e.s.EurekaServiceRegistry        : Registering application ENROLLMENT-SERVICE with eureka with status UP
2025-07-21T18:11:46.559+05:30  INFO [enrollment-service,traceId = &X{traceId},spanId=] 25344 --- [enrollment-service] [restartedMain] [                                                 ] com.netflix.discovery.DiscoveryClient    : Saw local status change event StatusChangeEvent [timestamp=1753101706559, current=UP, previous=STARTING]
2025-07-21T18:11:46.561+05:30  INFO [enrollment-service,traceId = &X{traceId},spanId=] 25344 --- [enrollment-service] [DiscoveryClient-InstanceInfoReplicator-%d] [                                                 ] com.netflix.discovery.DiscoveryClient    : DiscoveryClient_ENROLLMENT-SERVICE/Mihir.mshome.net:enrollment-service:8053: registering service...
2025-07-21T18:11:46.589+05:30  INFO [enrollment-service,traceId = &X{traceId},spanId=] 25344 --- [enrollment-service] [restartedMain] [                                                 ] o.s.b.w.embedded.tomcat.TomcatWebServer  : Tomcat started on port 8053 (http) with context path '/'
2025-07-21T18:11:46.591+05:30  INFO [enrollment-service,traceId = &X{traceId},spanId=] 25344 --- [enrollment-service] [restartedMain] [                                                 ] .s.c.n.e.s.EurekaAutoServiceRegistration : Updating port to 8053
2025-07-21T18:11:46.624+05:30  INFO [enrollment-service,traceId = &X{traceId},spanId=] 25344 --- [enrollment-service] [restartedMain] [                                                 ] c.e.EnrollmentServiceApplication         : Started EnrollmentServiceApplication in 14.144 seconds (process running for 16.013)
2025-07-21T18:11:46.631+05:30  INFO [enrollment-service,traceId = &X{traceId},spanId=] 25344 --- [enrollment-service] [DiscoveryClient-InstanceInfoReplicator-%d] [                                                 ] com.netflix.discovery.DiscoveryClient    : DiscoveryClient_ENROLLMENT-SERVICE/Mihir.mshome.net:enrollment-service:8053 - registration status: 204
2025-07-21T18:11:47.285+05:30  INFO [enrollment-service,traceId = &X{traceId},spanId=] 25344 --- [enrollment-service] [RMI TCP Connection(1)-192.168.1.2] [                                                 ] o.a.c.c.C.[Tomcat].[localhost].[/]       : Initializing Spring DispatcherServlet 'dispatcherServlet'
2025-07-21T18:11:47.285+05:30  INFO [enrollment-service,traceId = &X{traceId},spanId=] 25344 --- [enrollment-service] [RMI TCP Connection(1)-192.168.1.2] [                                                 ] o.s.web.servlet.DispatcherServlet        : Initializing Servlet 'dispatcherServlet'
2025-07-21T18:11:47.290+05:30  INFO [enrollment-service,traceId = &X{traceId},spanId=] 25344 --- [enrollment-service] [RMI TCP Connection(1)-192.168.1.2] [                                                 ] o.s.web.servlet.DispatcherServlet        : Completed initialization in 4 ms
2025-07-21T18:13:18.170+05:30  WARN [enrollment-service,traceId = &X{traceId},spanId=] 25344 --- [enrollment-service] [AsyncReporter{ZipkinHttpClientSender{http://localhost:9411/api/v2/spans}}] [                                                 ] z.r.i.AsyncReporter$BoundedAsyncReporter : Spans were dropped due to exceptions. All subsequent errors will be logged at FINE level.
2025-07-21T18:13:18.180+05:30  WARN [enrollment-service,traceId = &X{traceId},spanId=] 25344 --- [enrollment-service] [AsyncReporter{ZipkinHttpClientSender{http://localhost:9411/api/v2/spans}}] [                                                 ] z.r.i.AsyncReporter$BoundedAsyncReporter : Dropped 1 spans due to ConnectException()

java.net.ConnectException: null
	at java.net.http/jdk.internal.net.http.HttpClientImpl.send(HttpClientImpl.java:956) ~[java.net.http:na]
	at java.net.http/jdk.internal.net.http.HttpClientFacade.send(HttpClientFacade.java:133) ~[java.net.http:na]
	at org.springframework.boot.actuate.autoconfigure.tracing.zipkin.ZipkinHttpClientSender.postSpans(ZipkinHttpClientSender.java:60) ~[spring-boot-actuator-autoconfigure-3.5.3.jar:3.5.3]
	at org.springframework.boot.actuate.autoconfigure.tracing.zipkin.HttpSender.postSpans(HttpSender.java:69) ~[spring-boot-actuator-autoconfigure-3.5.3.jar:3.5.3]
	at org.springframework.boot.actuate.autoconfigure.tracing.zipkin.HttpSender.postSpans(HttpSender.java:41) ~[spring-boot-actuator-autoconfigure-3.5.3.jar:3.5.3]
	at zipkin2.reporter.BaseHttpSender.send(BaseHttpSender.java:123) ~[zipkin-reporter-3.5.1.jar:na]
	at zipkin2.reporter.internal.AsyncReporter$BoundedAsyncReporter.flush(AsyncReporter.java:266) ~[zipkin-reporter-3.5.1.jar:na]
	at zipkin2.reporter.internal.AsyncReporter$Flusher.run(AsyncReporter.java:352) ~[zipkin-reporter-3.5.1.jar:na]
	at java.base/java.lang.Thread.run(Thread.java:1575) ~[na:na]
Caused by: java.net.ConnectException: null
	at java.net.http/jdk.internal.net.http.common.Utils.toConnectException(Utils.java:1082) ~[java.net.http:na]
	at java.net.http/jdk.internal.net.http.PlainHttpConnection.connectAsync(PlainHttpConnection.java:227) ~[java.net.http:na]
	at java.net.http/jdk.internal.net.http.PlainHttpConnection.checkRetryConnect(PlainHttpConnection.java:280) ~[java.net.http:na]
	at java.net.http/jdk.internal.net.http.PlainHttpConnection.lambda$connectAsync$2(PlainHttpConnection.java:238) ~[java.net.http:na]
	at java.base/java.util.concurrent.CompletableFuture.uniHandle(CompletableFuture.java:978) ~[na:na]
	at java.base/java.util.concurrent.CompletableFuture$UniHandle.tryFire(CompletableFuture.java:955) ~[na:na]
	at java.base/java.util.concurrent.CompletableFuture.postComplete(CompletableFuture.java:554) ~[na:na]
	at java.base/java.util.concurrent.CompletableFuture$AsyncSupply.run(CompletableFuture.java:1817) ~[na:na]
	at java.base/java.util.concurrent.ThreadPoolExecutor.runWorker(ThreadPoolExecutor.java:1144) ~[na:na]
	at java.base/java.util.concurrent.ThreadPoolExecutor$Worker.run(ThreadPoolExecutor.java:642) ~[na:na]
	... 1 common frames omitted
Caused by: java.nio.channels.ClosedChannelException: null
	at java.base/sun.nio.ch.SocketChannelImpl.ensureOpen(SocketChannelImpl.java:204) ~[na:na]
	at java.base/sun.nio.ch.SocketChannelImpl.connect(SocketChannelImpl.java:958) ~[na:na]
	at java.net.http/jdk.internal.net.http.PlainHttpConnection.lambda$connectAsync$1(PlainHttpConnection.java:210) ~[java.net.http:na]
	at java.base/java.security.AccessController.doPrivileged(AccessController.java:571) ~[na:na]
	at java.net.http/jdk.internal.net.http.PlainHttpConnection.connectAsync(PlainHttpConnection.java:212) ~[java.net.http:na]
	... 9 common frames omitted

2025-07-21T18:13:24.730+05:30  INFO [enrollment-service,traceId = &X{traceId},spanId=692f474e4006d45a] 25344 --- [enrollment-service] [http-nio-8053-exec-2] [687e35ec9e5d55d0692f474e4006d45a-692f474e4006d45a] c.e.controller.EnrollmentController      : Fetching enrollments based by course id
2025-07-21T18:16:46.130+05:30  INFO [enrollment-service,traceId = &X{traceId},spanId=] 25344 --- [enrollment-service] [AsyncResolver-bootstrap-executor-%d] [                                                 ] c.n.d.s.r.aws.ConfigClusterResolver      : Resolving eureka endpoints via configuration
2025-07-21T18:17:23.091+05:30  INFO [enrollment-service,traceId = &X{traceId},spanId=] 25344 --- [enrollment-service] [SpringApplicationShutdownHook] [                                                 ] o.s.c.n.e.s.EurekaServiceRegistry        : Unregistering application ENROLLMENT-SERVICE with eureka with status DOWN
2025-07-21T18:17:23.097+05:30  INFO [enrollment-service,traceId = &X{traceId},spanId=] 25344 --- [enrollment-service] [SpringApplicationShutdownHook] [                                                 ] com.netflix.discovery.DiscoveryClient    : Saw local status change event StatusChangeEvent [timestamp=1753102043097, current=DOWN, previous=UP]
2025-07-21T18:17:23.107+05:30  INFO [enrollment-service,traceId = &X{traceId},spanId=] 25344 --- [enrollment-service] [DiscoveryClient-InstanceInfoReplicator-%d] [                                                 ] com.netflix.discovery.DiscoveryClient    : DiscoveryClient_ENROLLMENT-SERVICE/Mihir.mshome.net:enrollment-service:8053: registering service...
2025-07-21T18:17:23.375+05:30  INFO [enrollment-service,traceId = &X{traceId},spanId=] 25344 --- [enrollment-service] [DiscoveryClient-InstanceInfoReplicator-%d] [                                                 ] com.netflix.discovery.DiscoveryClient    : DiscoveryClient_ENROLLMENT-SERVICE/Mihir.mshome.net:enrollment-service:8053 - registration status: 204
2025-07-21T18:17:23.690+05:30  INFO [enrollment-service,traceId = &X{traceId},spanId=] 25344 --- [enrollment-service] [SpringApplicationShutdownHook] [                                                 ] o.s.b.w.e.tomcat.GracefulShutdown        : Commencing graceful shutdown. Waiting for active requests to complete
2025-07-21T18:17:24.122+05:30  INFO [enrollment-service,traceId = &X{traceId},spanId=] 25344 --- [enrollment-service] [tomcat-shutdown] [                                                 ] o.s.b.w.e.tomcat.GracefulShutdown        : Graceful shutdown complete
2025-07-21T18:17:24.912+05:30  INFO [enrollment-service,traceId = &X{traceId},spanId=] 25344 --- [enrollment-service] [SpringApplicationShutdownHook] [                                                 ] j.LocalContainerEntityManagerFactoryBean : Closing JPA EntityManagerFactory for persistence unit 'default'
2025-07-21T18:17:25.552+05:30  INFO [enrollment-service,traceId = &X{traceId},spanId=] 25344 --- [enrollment-service] [SpringApplicationShutdownHook] [                                                 ] com.zaxxer.hikari.HikariDataSource       : HikariPool-1 - Shutdown initiated...
2025-07-21T18:17:25.838+05:30  INFO [enrollment-service,traceId = &X{traceId},spanId=] 25344 --- [enrollment-service] [SpringApplicationShutdownHook] [                                                 ] com.zaxxer.hikari.HikariDataSource       : HikariPool-1 - Shutdown completed.
2025-07-21T18:17:26.172+05:30  INFO [enrollment-service,traceId = &X{traceId},spanId=] 25344 --- [enrollment-service] [SpringApplicationShutdownHook] [                                                 ] com.netflix.discovery.DiscoveryClient    : Shutting down DiscoveryClient ...
2025-07-21T18:17:29.187+05:30  INFO [enrollment-service,traceId = &X{traceId},spanId=] 25344 --- [enrollment-service] [SpringApplicationShutdownHook] [                                                 ] com.netflix.discovery.DiscoveryClient    : Unregistering ...
2025-07-21T18:17:29.262+05:30  INFO [enrollment-service,traceId = &X{traceId},spanId=] 25344 --- [enrollment-service] [SpringApplicationShutdownHook] [                                                 ] com.netflix.discovery.DiscoveryClient    : DiscoveryClient_ENROLLMENT-SERVICE/Mihir.mshome.net:enrollment-service:8053 - deregister  status: 200
2025-07-21T18:17:29.264+05:30  INFO [enrollment-service,traceId = &X{traceId},spanId=] 25344 --- [enrollment-service] [SpringApplicationShutdownHook] [                                                 ] com.netflix.discovery.DiscoveryClient    : Completed shut down of DiscoveryClient
2025-07-21T18:17:42.298+05:30  INFO [enrollment-service,traceId = &X{traceId},spanId=] 7048 --- [enrollment-service] [restartedMain] [                                                 ] c.e.EnrollmentServiceApplication         : Starting EnrollmentServiceApplication using Java 23.0.1 with PID 7048 (C:\Users\mihir\Downloads\enrollment-service\enrollment-service\target\classes started by mihir in C:\Users\mihir\Downloads\MP\course-service)
2025-07-21T18:17:42.306+05:30  INFO [enrollment-service,traceId = &X{traceId},spanId=] 7048 --- [enrollment-service] [restartedMain] [                                                 ] c.e.EnrollmentServiceApplication         : No active profile set, falling back to 1 default profile: "default"
2025-07-21T18:17:42.416+05:30  INFO [enrollment-service,traceId = &X{traceId},spanId=] 7048 --- [enrollment-service] [restartedMain] [                                                 ] .e.DevToolsPropertyDefaultsPostProcessor : Devtools property defaults active! Set 'spring.devtools.add-properties' to 'false' to disable
2025-07-21T18:17:42.417+05:30  INFO [enrollment-service,traceId = &X{traceId},spanId=] 7048 --- [enrollment-service] [restartedMain] [                                                 ] .e.DevToolsPropertyDefaultsPostProcessor : For additional web related logging consider setting the 'logging.level.web' property to 'DEBUG'
2025-07-21T18:17:44.935+05:30  INFO [enrollment-service,traceId = &X{traceId},spanId=] 7048 --- [enrollment-service] [restartedMain] [                                                 ] .s.d.r.c.RepositoryConfigurationDelegate : Bootstrapping Spring Data JPA repositories in DEFAULT mode.
2025-07-21T18:17:45.312+05:30  INFO [enrollment-service,traceId = &X{traceId},spanId=] 7048 --- [enrollment-service] [restartedMain] [                                                 ] .s.d.r.c.RepositoryConfigurationDelegate : Finished Spring Data repository scanning in 356 ms. Found 1 JPA repository interface.
2025-07-21T18:17:46.214+05:30  INFO [enrollment-service,traceId = &X{traceId},spanId=] 7048 --- [enrollment-service] [restartedMain] [                                                 ] o.s.cloud.context.scope.GenericScope     : BeanFactory id=2174d461-de5a-3c80-b9ba-df082520d8a4
2025-07-21T18:17:47.196+05:30  INFO [enrollment-service,traceId = &X{traceId},spanId=] 7048 --- [enrollment-service] [restartedMain] [                                                 ] o.s.b.w.embedded.tomcat.TomcatWebServer  : Tomcat initialized with port 8053 (http)
2025-07-21T18:17:47.221+05:30  INFO [enrollment-service,traceId = &X{traceId},spanId=] 7048 --- [enrollment-service] [restartedMain] [                                                 ] o.apache.catalina.core.StandardService   : Starting service [Tomcat]
2025-07-21T18:17:47.222+05:30  INFO [enrollment-service,traceId = &X{traceId},spanId=] 7048 --- [enrollment-service] [restartedMain] [                                                 ] o.apache.catalina.core.StandardEngine    : Starting Servlet engine: [Apache Tomcat/10.1.42]
2025-07-21T18:17:47.350+05:30  INFO [enrollment-service,traceId = &X{traceId},spanId=] 7048 --- [enrollment-service] [restartedMain] [                                                 ] o.a.c.c.C.[Tomcat].[localhost].[/]       : Initializing Spring embedded WebApplicationContext
2025-07-21T18:17:47.350+05:30  INFO [enrollment-service,traceId = &X{traceId},spanId=] 7048 --- [enrollment-service] [restartedMain] [                                                 ] w.s.c.ServletWebServerApplicationContext : Root WebApplicationContext: initialization completed in 4932 ms
2025-07-21T18:17:48.426+05:30  INFO [enrollment-service,traceId = &X{traceId},spanId=] 7048 --- [enrollment-service] [restartedMain] [                                                 ] o.hibernate.jpa.internal.util.LogHelper  : HHH000204: Processing PersistenceUnitInfo [name: default]
2025-07-21T18:17:48.510+05:30  INFO [enrollment-service,traceId = &X{traceId},spanId=] 7048 --- [enrollment-service] [restartedMain] [                                                 ] org.hibernate.Version                    : HHH000412: Hibernate ORM core version 6.6.18.Final
2025-07-21T18:17:48.561+05:30  INFO [enrollment-service,traceId = &X{traceId},spanId=] 7048 --- [enrollment-service] [restartedMain] [                                                 ] o.h.c.internal.RegionFactoryInitiator    : HHH000026: Second-level cache disabled
2025-07-21T18:17:48.958+05:30  INFO [enrollment-service,traceId = &X{traceId},spanId=] 7048 --- [enrollment-service] [restartedMain] [                                                 ] o.s.o.j.p.SpringPersistenceUnitInfo      : No LoadTimeWeaver setup: ignoring JPA class transformer
2025-07-21T18:17:49.014+05:30  INFO [enrollment-service,traceId = &X{traceId},spanId=] 7048 --- [enrollment-service] [restartedMain] [                                                 ] com.zaxxer.hikari.HikariDataSource       : HikariPool-1 - Starting...
2025-07-21T18:17:49.644+05:30  INFO [enrollment-service,traceId = &X{traceId},spanId=] 7048 --- [enrollment-service] [restartedMain] [                                                 ] com.zaxxer.hikari.pool.HikariPool        : HikariPool-1 - Added connection com.mysql.cj.jdbc.ConnectionImpl@73d398e6
2025-07-21T18:17:49.649+05:30  INFO [enrollment-service,traceId = &X{traceId},spanId=] 7048 --- [enrollment-service] [restartedMain] [                                                 ] com.zaxxer.hikari.HikariDataSource       : HikariPool-1 - Start completed.
2025-07-21T18:17:49.851+05:30  INFO [enrollment-service,traceId = &X{traceId},spanId=] 7048 --- [enrollment-service] [restartedMain] [                                                 ] org.hibernate.orm.connections.pooling    : HHH10001005: Database info:
	Database JDBC URL [Connecting through datasource 'HikariDataSource (HikariPool-1)']
	Database driver: undefined/unknown
	Database version: 8.0.39
	Autocommit mode: undefined/unknown
	Isolation level: undefined/unknown
	Minimum pool size: undefined/unknown
	Maximum pool size: undefined/unknown
2025-07-21T18:17:51.707+05:30  INFO [enrollment-service,traceId = &X{traceId},spanId=] 7048 --- [enrollment-service] [restartedMain] [                                                 ] o.h.e.t.j.p.i.JtaPlatformInitiator       : HHH000489: No JTA platform available (set 'hibernate.transaction.jta.platform' to enable JTA platform integration)
2025-07-21T18:17:51.786+05:30  INFO [enrollment-service,traceId = &X{traceId},spanId=] 7048 --- [enrollment-service] [restartedMain] [                                                 ] j.LocalContainerEntityManagerFactoryBean : Initialized JPA EntityManagerFactory for persistence unit 'default'
2025-07-21T18:17:52.381+05:30  WARN [enrollment-service,traceId = &X{traceId},spanId=] 7048 --- [enrollment-service] [restartedMain] [                                                 ] JpaBaseConfiguration$JpaWebConfiguration : spring.jpa.open-in-view is enabled by default. Therefore, database queries may be performed during view rendering. Explicitly configure spring.jpa.open-in-view to disable this warning
2025-07-21T18:17:52.448+05:30  WARN [enrollment-service,traceId = &X{traceId},spanId=] 7048 --- [enrollment-service] [restartedMain] [                                                 ] o.s.b.d.a.OptionalLiveReloadServer       : Unable to start LiveReload server
2025-07-21T18:17:52.513+05:30  INFO [enrollment-service,traceId = &X{traceId},spanId=] 7048 --- [enrollment-service] [restartedMain] [                                                 ] o.s.c.openfeign.FeignClientFactoryBean   : For 'student-service' URL not provided. Will try picking an instance via load-balancing.
2025-07-21T18:17:52.578+05:30  INFO [enrollment-service,traceId = &X{traceId},spanId=] 7048 --- [enrollment-service] [restartedMain] [                                                 ] o.s.c.openfeign.FeignClientFactoryBean   : For 'course-service' URL not provided. Will try picking an instance via load-balancing.
2025-07-21T18:17:54.253+05:30  INFO [enrollment-service,traceId = &X{traceId},spanId=] 7048 --- [enrollment-service] [restartedMain] [                                                 ] DiscoveryClientOptionalArgsConfiguration : Eureka HTTP Client uses RestTemplate.
2025-07-21T18:17:54.321+05:30  WARN [enrollment-service,traceId = &X{traceId},spanId=] 7048 --- [enrollment-service] [restartedMain] [                                                 ] iguration$LoadBalancerCaffeineWarnLogger : Spring Cloud LoadBalancer is currently working with the default cache. While this cache implementation is useful for development and tests, it's recommended to use Caffeine cache in production.You can switch to using Caffeine cache, by adding it and org.springframework.cache.caffeine.CaffeineCacheManager to the classpath.
2025-07-21T18:17:54.338+05:30  INFO [enrollment-service,traceId = &X{traceId},spanId=] 7048 --- [enrollment-service] [restartedMain] [                                                 ] o.s.b.a.e.web.EndpointLinksResolver      : Exposing 1 endpoint beneath base path '/actuator'
2025-07-21T18:17:54.472+05:30  INFO [enrollment-service,traceId = &X{traceId},spanId=] 7048 --- [enrollment-service] [restartedMain] [                                                 ] o.s.c.n.eureka.InstanceInfoFactory       : Setting initial instance status as: STARTING
2025-07-21T18:17:54.506+05:30  INFO [enrollment-service,traceId = &X{traceId},spanId=] 7048 --- [enrollment-service] [restartedMain] [                                                 ] com.netflix.discovery.DiscoveryClient    : Initializing Eureka in region us-east-1
2025-07-21T18:17:54.512+05:30  INFO [enrollment-service,traceId = &X{traceId},spanId=] 7048 --- [enrollment-service] [restartedMain] [                                                 ] c.n.d.s.r.aws.ConfigClusterResolver      : Resolving eureka endpoints via configuration
2025-07-21T18:17:54.524+05:30  INFO [enrollment-service,traceId = &X{traceId},spanId=] 7048 --- [enrollment-service] [restartedMain] [                                                 ] com.netflix.discovery.DiscoveryClient    : Disable delta property : false
2025-07-21T18:17:54.525+05:30  INFO [enrollment-service,traceId = &X{traceId},spanId=] 7048 --- [enrollment-service] [restartedMain] [                                                 ] com.netflix.discovery.DiscoveryClient    : Single vip registry refresh property : null
2025-07-21T18:17:54.525+05:30  INFO [enrollment-service,traceId = &X{traceId},spanId=] 7048 --- [enrollment-service] [restartedMain] [                                                 ] com.netflix.discovery.DiscoveryClient    : Force full registry fetch : false
2025-07-21T18:17:54.525+05:30  INFO [enrollment-service,traceId = &X{traceId},spanId=] 7048 --- [enrollment-service] [restartedMain] [                                                 ] com.netflix.discovery.DiscoveryClient    : Application is null : false
2025-07-21T18:17:54.526+05:30  INFO [enrollment-service,traceId = &X{traceId},spanId=] 7048 --- [enrollment-service] [restartedMain] [                                                 ] com.netflix.discovery.DiscoveryClient    : Registered Applications size is zero : true
2025-07-21T18:17:54.526+05:30  INFO [enrollment-service,traceId = &X{traceId},spanId=] 7048 --- [enrollment-service] [restartedMain] [                                                 ] com.netflix.discovery.DiscoveryClient    : Application version is -1: true
2025-07-21T18:17:54.526+05:30  INFO [enrollment-service,traceId = &X{traceId},spanId=] 7048 --- [enrollment-service] [restartedMain] [                                                 ] com.netflix.discovery.DiscoveryClient    : Getting all instance registry info from the eureka server
2025-07-21T18:17:54.979+05:30  INFO [enrollment-service,traceId = &X{traceId},spanId=] 7048 --- [enrollment-service] [restartedMain] [                                                 ] com.netflix.discovery.DiscoveryClient    : The response status is 200
2025-07-21T18:17:54.981+05:30  INFO [enrollment-service,traceId = &X{traceId},spanId=] 7048 --- [enrollment-service] [restartedMain] [                                                 ] com.netflix.discovery.DiscoveryClient    : Starting heartbeat executor: renew interval is: 30
2025-07-21T18:17:54.985+05:30  INFO [enrollment-service,traceId = &X{traceId},spanId=] 7048 --- [enrollment-service] [restartedMain] [                                                 ] c.n.discovery.InstanceInfoReplicator     : InstanceInfoReplicator onDemand update allowed rate per min is 4
2025-07-21T18:17:54.987+05:30  INFO [enrollment-service,traceId = &X{traceId},spanId=] 7048 --- [enrollment-service] [restartedMain] [                                                 ] com.netflix.discovery.DiscoveryClient    : Discovery Client initialized at timestamp 1753102074987 with initial instances count: 4
2025-07-21T18:17:54.995+05:30  INFO [enrollment-service,traceId = &X{traceId},spanId=] 7048 --- [enrollment-service] [restartedMain] [                                                 ] o.s.c.n.e.s.EurekaServiceRegistry        : Registering application ENROLLMENT-SERVICE with eureka with status UP
2025-07-21T18:17:54.996+05:30  INFO [enrollment-service,traceId = &X{traceId},spanId=] 7048 --- [enrollment-service] [restartedMain] [                                                 ] com.netflix.discovery.DiscoveryClient    : Saw local status change event StatusChangeEvent [timestamp=1753102074996, current=UP, previous=STARTING]
2025-07-21T18:17:54.999+05:30  INFO [enrollment-service,traceId = &X{traceId},spanId=] 7048 --- [enrollment-service] [DiscoveryClient-InstanceInfoReplicator-%d] [                                                 ] com.netflix.discovery.DiscoveryClient    : DiscoveryClient_ENROLLMENT-SERVICE/Mihir.mshome.net:enrollment-service:8053: registering service...
2025-07-21T18:17:55.013+05:30  INFO [enrollment-service,traceId = &X{traceId},spanId=] 7048 --- [enrollment-service] [restartedMain] [                                                 ] o.s.b.w.embedded.tomcat.TomcatWebServer  : Tomcat started on port 8053 (http) with context path '/'
2025-07-21T18:17:55.015+05:30  INFO [enrollment-service,traceId = &X{traceId},spanId=] 7048 --- [enrollment-service] [restartedMain] [                                                 ] .s.c.n.e.s.EurekaAutoServiceRegistration : Updating port to 8053
2025-07-21T18:17:55.044+05:30  INFO [enrollment-service,traceId = &X{traceId},spanId=] 7048 --- [enrollment-service] [restartedMain] [                                                 ] c.e.EnrollmentServiceApplication         : Started EnrollmentServiceApplication in 13.802 seconds (process running for 15.944)
2025-07-21T18:17:55.056+05:30  INFO [enrollment-service,traceId = &X{traceId},spanId=] 7048 --- [enrollment-service] [DiscoveryClient-InstanceInfoReplicator-%d] [                                                 ] com.netflix.discovery.DiscoveryClient    : DiscoveryClient_ENROLLMENT-SERVICE/Mihir.mshome.net:enrollment-service:8053 - registration status: 204
2025-07-21T18:17:55.427+05:30  INFO [enrollment-service,traceId = &X{traceId},spanId=] 7048 --- [enrollment-service] [RMI TCP Connection(2)-192.168.1.2] [                                                 ] o.a.c.c.C.[Tomcat].[localhost].[/]       : Initializing Spring DispatcherServlet 'dispatcherServlet'
2025-07-21T18:17:55.428+05:30  INFO [enrollment-service,traceId = &X{traceId},spanId=] 7048 --- [enrollment-service] [RMI TCP Connection(2)-192.168.1.2] [                                                 ] o.s.web.servlet.DispatcherServlet        : Initializing Servlet 'dispatcherServlet'
2025-07-21T18:17:55.432+05:30  INFO [enrollment-service,traceId = &X{traceId},spanId=] 7048 --- [enrollment-service] [RMI TCP Connection(2)-192.168.1.2] [                                                 ] o.s.web.servlet.DispatcherServlet        : Completed initialization in 4 ms
2025-07-21T18:18:03.695+05:30  INFO [enrollment-service,traceId = &X{traceId},spanId=1f0b1bc2bced66b3] 7048 --- [enrollment-service] [http-nio-8053-exec-2] [687e3703539ea7251f0b1bc2bced66b3-1f0b1bc2bced66b3] c.e.controller.EnrollmentController      : Fetching enrollments based by course id
2025-07-21T18:19:27.481+05:30  WARN [enrollment-service,traceId = &X{traceId},spanId=] 7048 --- [enrollment-service] [AsyncReporter{ZipkinHttpClientSender{http://localhost:9411/api/v2/spans}}] [                                                 ] z.r.i.AsyncReporter$BoundedAsyncReporter : Spans were dropped due to exceptions. All subsequent errors will be logged at FINE level.
2025-07-21T18:19:27.495+05:30  WARN [enrollment-service,traceId = &X{traceId},spanId=] 7048 --- [enrollment-service] [AsyncReporter{ZipkinHttpClientSender{http://localhost:9411/api/v2/spans}}] [                                                 ] z.r.i.AsyncReporter$BoundedAsyncReporter : Dropped 1 spans due to ConnectException()

java.net.ConnectException: null
	at java.net.http/jdk.internal.net.http.HttpClientImpl.send(HttpClientImpl.java:956) ~[java.net.http:na]
	at java.net.http/jdk.internal.net.http.HttpClientFacade.send(HttpClientFacade.java:133) ~[java.net.http:na]
	at org.springframework.boot.actuate.autoconfigure.tracing.zipkin.ZipkinHttpClientSender.postSpans(ZipkinHttpClientSender.java:60) ~[spring-boot-actuator-autoconfigure-3.5.3.jar:3.5.3]
	at org.springframework.boot.actuate.autoconfigure.tracing.zipkin.HttpSender.postSpans(HttpSender.java:69) ~[spring-boot-actuator-autoconfigure-3.5.3.jar:3.5.3]
	at org.springframework.boot.actuate.autoconfigure.tracing.zipkin.HttpSender.postSpans(HttpSender.java:41) ~[spring-boot-actuator-autoconfigure-3.5.3.jar:3.5.3]
	at zipkin2.reporter.BaseHttpSender.send(BaseHttpSender.java:123) ~[zipkin-reporter-3.5.1.jar:na]
	at zipkin2.reporter.internal.AsyncReporter$BoundedAsyncReporter.flush(AsyncReporter.java:266) ~[zipkin-reporter-3.5.1.jar:na]
	at zipkin2.reporter.internal.AsyncReporter$Flusher.run(AsyncReporter.java:352) ~[zipkin-reporter-3.5.1.jar:na]
	at java.base/java.lang.Thread.run(Thread.java:1575) ~[na:na]
Caused by: java.net.ConnectException: null
	at java.net.http/jdk.internal.net.http.common.Utils.toConnectException(Utils.java:1082) ~[java.net.http:na]
	at java.net.http/jdk.internal.net.http.PlainHttpConnection.connectAsync(PlainHttpConnection.java:227) ~[java.net.http:na]
	at java.net.http/jdk.internal.net.http.PlainHttpConnection.checkRetryConnect(PlainHttpConnection.java:280) ~[java.net.http:na]
	at java.net.http/jdk.internal.net.http.PlainHttpConnection.lambda$connectAsync$2(PlainHttpConnection.java:238) ~[java.net.http:na]
	at java.base/java.util.concurrent.CompletableFuture.uniHandle(CompletableFuture.java:978) ~[na:na]
	at java.base/java.util.concurrent.CompletableFuture$UniHandle.tryFire(CompletableFuture.java:955) ~[na:na]
	at java.base/java.util.concurrent.CompletableFuture.postComplete(CompletableFuture.java:554) ~[na:na]
	at java.base/java.util.concurrent.CompletableFuture$AsyncSupply.run(CompletableFuture.java:1817) ~[na:na]
	at java.base/java.util.concurrent.ThreadPoolExecutor.runWorker(ThreadPoolExecutor.java:1144) ~[na:na]
	at java.base/java.util.concurrent.ThreadPoolExecutor$Worker.run(ThreadPoolExecutor.java:642) ~[na:na]
	... 1 common frames omitted
Caused by: java.nio.channels.ClosedChannelException: null
	at java.base/sun.nio.ch.SocketChannelImpl.ensureOpen(SocketChannelImpl.java:204) ~[na:na]
	at java.base/sun.nio.ch.SocketChannelImpl.connect(SocketChannelImpl.java:958) ~[na:na]
	at java.net.http/jdk.internal.net.http.PlainHttpConnection.lambda$connectAsync$1(PlainHttpConnection.java:210) ~[java.net.http:na]
	at java.base/java.security.AccessController.doPrivileged(AccessController.java:571) ~[na:na]
	at java.net.http/jdk.internal.net.http.PlainHttpConnection.connectAsync(PlainHttpConnection.java:212) ~[java.net.http:na]
	... 9 common frames omitted

2025-07-21T18:20:12.279+05:30  INFO [enrollment-service,traceId = &X{traceId},spanId=] 7048 --- [enrollment-service] [SpringApplicationShutdownHook] [                                                 ] o.s.c.n.e.s.EurekaServiceRegistry        : Unregistering application ENROLLMENT-SERVICE with eureka with status DOWN
2025-07-21T18:20:12.291+05:30  INFO [enrollment-service,traceId = &X{traceId},spanId=] 7048 --- [enrollment-service] [SpringApplicationShutdownHook] [                                                 ] com.netflix.discovery.DiscoveryClient    : Saw local status change event StatusChangeEvent [timestamp=1753102212291, current=DOWN, previous=UP]
2025-07-21T18:20:12.293+05:30  INFO [enrollment-service,traceId = &X{traceId},spanId=] 7048 --- [enrollment-service] [DiscoveryClient-InstanceInfoReplicator-%d] [                                                 ] com.netflix.discovery.DiscoveryClient    : DiscoveryClient_ENROLLMENT-SERVICE/Mihir.mshome.net:enrollment-service:8053: registering service...
2025-07-21T18:20:12.429+05:30  INFO [enrollment-service,traceId = &X{traceId},spanId=] 7048 --- [enrollment-service] [DiscoveryClient-InstanceInfoReplicator-%d] [                                                 ] com.netflix.discovery.DiscoveryClient    : DiscoveryClient_ENROLLMENT-SERVICE/Mihir.mshome.net:enrollment-service:8053 - registration status: 204
2025-07-21T18:20:12.613+05:30  INFO [enrollment-service,traceId = &X{traceId},spanId=] 7048 --- [enrollment-service] [SpringApplicationShutdownHook] [                                                 ] o.s.b.w.e.tomcat.GracefulShutdown        : Commencing graceful shutdown. Waiting for active requests to complete
2025-07-21T18:20:12.685+05:30  INFO [enrollment-service,traceId = &X{traceId},spanId=] 7048 --- [enrollment-service] [tomcat-shutdown] [                                                 ] o.s.b.w.e.tomcat.GracefulShutdown        : Graceful shutdown complete
2025-07-21T18:20:12.841+05:30  INFO [enrollment-service,traceId = &X{traceId},spanId=] 7048 --- [enrollment-service] [SpringApplicationShutdownHook] [                                                 ] j.LocalContainerEntityManagerFactoryBean : Closing JPA EntityManagerFactory for persistence unit 'default'
2025-07-21T18:20:12.944+05:30  INFO [enrollment-service,traceId = &X{traceId},spanId=] 7048 --- [enrollment-service] [SpringApplicationShutdownHook] [                                                 ] com.zaxxer.hikari.HikariDataSource       : HikariPool-1 - Shutdown initiated...
2025-07-21T18:20:13.061+05:30  INFO [enrollment-service,traceId = &X{traceId},spanId=] 7048 --- [enrollment-service] [SpringApplicationShutdownHook] [                                                 ] com.zaxxer.hikari.HikariDataSource       : HikariPool-1 - Shutdown completed.
2025-07-21T18:20:13.797+05:30  INFO [enrollment-service,traceId = &X{traceId},spanId=] 7048 --- [enrollment-service] [SpringApplicationShutdownHook] [                                                 ] com.netflix.discovery.DiscoveryClient    : Shutting down DiscoveryClient ...
2025-07-21T18:20:16.811+05:30  INFO [enrollment-service,traceId = &X{traceId},spanId=] 7048 --- [enrollment-service] [SpringApplicationShutdownHook] [                                                 ] com.netflix.discovery.DiscoveryClient    : Unregistering ...
2025-07-21T18:20:16.848+05:30  INFO [enrollment-service,traceId = &X{traceId},spanId=] 7048 --- [enrollment-service] [SpringApplicationShutdownHook] [                                                 ] com.netflix.discovery.DiscoveryClient    : DiscoveryClient_ENROLLMENT-SERVICE/Mihir.mshome.net:enrollment-service:8053 - deregister  status: 200
2025-07-21T18:20:16.850+05:30  INFO [enrollment-service,traceId = &X{traceId},spanId=] 7048 --- [enrollment-service] [SpringApplicationShutdownHook] [                                                 ] com.netflix.discovery.DiscoveryClient    : Completed shut down of DiscoveryClient
