2025-07-22T13:43:01.994+05:30  INFO 18796 --- [student-service] [restartedMain] c.s.StudentServiceApplication            : Starting StudentServiceApplication using Java 23.0.1 with PID 18796 (C:\Users\mihir\Downloads\student-service\student-service\target\classes started by mihir in C:\Users\mihir\Downloads\MP\course-service)
2025-07-22T13:43:02.005+05:30  INFO 18796 --- [student-service] [restartedMain] c.s.StudentServiceApplication            : No active profile set, falling back to 1 default profile: "default"
2025-07-22T13:43:02.109+05:30  INFO 18796 --- [student-service] [restartedMain] .e.DevToolsPropertyDefaultsPostProcessor : Devtools property defaults active! Set 'spring.devtools.add-properties' to 'false' to disable
2025-07-22T13:43:02.110+05:30  INFO 18796 --- [student-service] [restartedMain] .e.DevToolsPropertyDefaultsPostProcessor : For additional web related logging consider setting the 'logging.level.web' property to 'DEBUG'
2025-07-22T13:43:04.725+05:30  INFO 18796 --- [student-service] [restartedMain] .s.d.r.c.RepositoryConfigurationDelegate : Bootstrapping Spring Data JPA repositories in DEFAULT mode.
2025-07-22T13:43:05.044+05:30  INFO 18796 --- [student-service] [restartedMain] .s.d.r.c.RepositoryConfigurationDelegate : Finished Spring Data repository scanning in 302 ms. Found 1 JPA repository interface.
2025-07-22T13:43:05.715+05:30  INFO 18796 --- [student-service] [restartedMain] o.s.cloud.context.scope.GenericScope     : BeanFactory id=b64be707-fbb3-354f-8bae-5baa62aa93a4
2025-07-22T13:43:07.027+05:30  INFO 18796 --- [student-service] [restartedMain] o.s.b.w.embedded.tomcat.TomcatWebServer  : Tomcat initialized with port 8052 (http)
2025-07-22T13:43:07.061+05:30  INFO 18796 --- [student-service] [restartedMain] o.apache.catalina.core.StandardService   : Starting service [Tomcat]
2025-07-22T13:43:07.063+05:30  INFO 18796 --- [student-service] [restartedMain] o.apache.catalina.core.StandardEngine    : Starting Servlet engine: [Apache Tomcat/10.1.42]
2025-07-22T13:43:07.217+05:30  INFO 18796 --- [student-service] [restartedMain] o.a.c.c.C.[Tomcat].[localhost].[/]       : Initializing Spring embedded WebApplicationContext
2025-07-22T13:43:07.221+05:30  INFO 18796 --- [student-service] [restartedMain] w.s.c.ServletWebServerApplicationContext : Root WebApplicationContext: initialization completed in 5109 ms
2025-07-22T13:43:08.196+05:30  INFO 18796 --- [student-service] [restartedMain] o.hibernate.jpa.internal.util.LogHelper  : HHH000204: Processing PersistenceUnitInfo [name: default]
2025-07-22T13:43:08.336+05:30  INFO 18796 --- [student-service] [restartedMain] org.hibernate.Version                    : HHH000412: Hibernate ORM core version 6.6.18.Final
2025-07-22T13:43:08.425+05:30  INFO 18796 --- [student-service] [restartedMain] o.h.c.internal.RegionFactoryInitiator    : HHH000026: Second-level cache disabled
2025-07-22T13:43:09.095+05:30  INFO 18796 --- [student-service] [restartedMain] o.s.o.j.p.SpringPersistenceUnitInfo      : No LoadTimeWeaver setup: ignoring JPA class transformer
2025-07-22T13:43:09.174+05:30  INFO 18796 --- [student-service] [restartedMain] com.zaxxer.hikari.HikariDataSource       : HikariPool-1 - Starting...
2025-07-22T13:43:10.176+05:30  INFO 18796 --- [student-service] [restartedMain] com.zaxxer.hikari.pool.HikariPool        : HikariPool-1 - Added connection com.mysql.cj.jdbc.ConnectionImpl@6bf69c65
2025-07-22T13:43:10.180+05:30  INFO 18796 --- [student-service] [restartedMain] com.zaxxer.hikari.HikariDataSource       : HikariPool-1 - Start completed.
2025-07-22T13:43:10.434+05:30  INFO 18796 --- [student-service] [restartedMain] org.hibernate.orm.connections.pooling    : HHH10001005: Database info:
	Database JDBC URL [Connecting through datasource 'HikariDataSource (HikariPool-1)']
	Database driver: undefined/unknown
	Database version: 8.0.39
	Autocommit mode: undefined/unknown
	Isolation level: undefined/unknown
	Minimum pool size: undefined/unknown
	Maximum pool size: undefined/unknown
2025-07-22T13:43:12.400+05:30  INFO 18796 --- [student-service] [restartedMain] o.h.e.t.j.p.i.JtaPlatformInitiator       : HHH000489: No JTA platform available (set 'hibernate.transaction.jta.platform' to enable JTA platform integration)
2025-07-22T13:43:12.545+05:30  INFO 18796 --- [student-service] [restartedMain] j.LocalContainerEntityManagerFactoryBean : Initialized JPA EntityManagerFactory for persistence unit 'default'
2025-07-22T13:43:13.233+05:30  WARN 18796 --- [student-service] [restartedMain] JpaBaseConfiguration$JpaWebConfiguration : spring.jpa.open-in-view is enabled by default. Therefore, database queries may be performed during view rendering. Explicitly configure spring.jpa.open-in-view to disable this warning
2025-07-22T13:43:14.886+05:30  WARN 18796 --- [student-service] [restartedMain] o.s.b.d.a.OptionalLiveReloadServer       : Unable to start LiveReload server
2025-07-22T13:43:14.940+05:30  INFO 18796 --- [student-service] [restartedMain] DiscoveryClientOptionalArgsConfiguration : Eureka HTTP Client uses RestTemplate.
2025-07-22T13:43:15.021+05:30  WARN 18796 --- [student-service] [restartedMain] iguration$LoadBalancerCaffeineWarnLogger : Spring Cloud LoadBalancer is currently working with the default cache. While this cache implementation is useful for development and tests, it's recommended to use Caffeine cache in production.You can switch to using Caffeine cache, by adding it and org.springframework.cache.caffeine.CaffeineCacheManager to the classpath.
2025-07-22T13:43:15.036+05:30  INFO 18796 --- [student-service] [restartedMain] o.s.b.a.e.web.EndpointLinksResolver      : Exposing 3 endpoints beneath base path '/actuator'
2025-07-22T13:43:15.447+05:30  INFO 18796 --- [student-service] [restartedMain] o.s.c.n.eureka.InstanceInfoFactory       : Setting initial instance status as: STARTING
2025-07-22T13:43:15.492+05:30  INFO 18796 --- [student-service] [restartedMain] com.netflix.discovery.DiscoveryClient    : Initializing Eureka in region us-east-1
2025-07-22T13:43:15.509+05:30  INFO 18796 --- [student-service] [restartedMain] c.n.d.s.r.aws.ConfigClusterResolver      : Resolving eureka endpoints via configuration
2025-07-22T13:43:15.535+05:30  INFO 18796 --- [student-service] [restartedMain] com.netflix.discovery.DiscoveryClient    : Disable delta property : false
2025-07-22T13:43:15.538+05:30  INFO 18796 --- [student-service] [restartedMain] com.netflix.discovery.DiscoveryClient    : Single vip registry refresh property : null
2025-07-22T13:43:15.541+05:30  INFO 18796 --- [student-service] [restartedMain] com.netflix.discovery.DiscoveryClient    : Force full registry fetch : false
2025-07-22T13:43:15.541+05:30  INFO 18796 --- [student-service] [restartedMain] com.netflix.discovery.DiscoveryClient    : Application is null : false
2025-07-22T13:43:15.541+05:30  INFO 18796 --- [student-service] [restartedMain] com.netflix.discovery.DiscoveryClient    : Registered Applications size is zero : true
2025-07-22T13:43:15.541+05:30  INFO 18796 --- [student-service] [restartedMain] com.netflix.discovery.DiscoveryClient    : Application version is -1: true
2025-07-22T13:43:15.541+05:30  INFO 18796 --- [student-service] [restartedMain] com.netflix.discovery.DiscoveryClient    : Getting all instance registry info from the eureka server
2025-07-22T13:43:20.550+05:30  INFO 18796 --- [student-service] [restartedMain] com.netflix.discovery.DiscoveryClient    : The response status is 200
2025-07-22T13:43:20.554+05:30  INFO 18796 --- [student-service] [restartedMain] com.netflix.discovery.DiscoveryClient    : Starting heartbeat executor: renew interval is: 30
2025-07-22T13:43:20.559+05:30  INFO 18796 --- [student-service] [restartedMain] c.n.discovery.InstanceInfoReplicator     : InstanceInfoReplicator onDemand update allowed rate per min is 4
2025-07-22T13:43:20.566+05:30  INFO 18796 --- [student-service] [restartedMain] com.netflix.discovery.DiscoveryClient    : Discovery Client initialized at timestamp 1753172000562 with initial instances count: 2
2025-07-22T13:43:20.574+05:30  INFO 18796 --- [student-service] [restartedMain] o.s.c.n.e.s.EurekaServiceRegistry        : Registering application STUDENT-SERVICE with eureka with status UP
2025-07-22T13:43:20.576+05:30  INFO 18796 --- [student-service] [restartedMain] com.netflix.discovery.DiscoveryClient    : Saw local status change event StatusChangeEvent [timestamp=1753172000576, current=UP, previous=STARTING]
2025-07-22T13:43:20.581+05:30  INFO 18796 --- [student-service] [DiscoveryClient-InstanceInfoReplicator-%d] com.netflix.discovery.DiscoveryClient    : DiscoveryClient_STUDENT-SERVICE/Mihir.mshome.net:student-service:8052: registering service...
2025-07-22T13:43:20.649+05:30  INFO 18796 --- [student-service] [restartedMain] o.s.b.w.embedded.tomcat.TomcatWebServer  : Tomcat started on port 8052 (http) with context path '/'
2025-07-22T13:43:20.651+05:30  INFO 18796 --- [student-service] [restartedMain] .s.c.n.e.s.EurekaAutoServiceRegistration : Updating port to 8052
2025-07-22T13:43:20.788+05:30  INFO 18796 --- [student-service] [restartedMain] c.s.StudentServiceApplication            : Started StudentServiceApplication in 19.891 seconds (process running for 23.359)
2025-07-22T13:43:20.845+05:30  INFO 18796 --- [student-service] [DiscoveryClient-InstanceInfoReplicator-%d] com.netflix.discovery.DiscoveryClient    : DiscoveryClient_STUDENT-SERVICE/Mihir.mshome.net:student-service:8052 - registration status: 204
2025-07-22T13:43:22.510+05:30  INFO 18796 --- [student-service] [RMI TCP Connection(3)-192.168.1.6] o.a.c.c.C.[Tomcat].[localhost].[/]       : Initializing Spring DispatcherServlet 'dispatcherServlet'
2025-07-22T13:43:22.512+05:30  INFO 18796 --- [student-service] [RMI TCP Connection(3)-192.168.1.6] o.s.web.servlet.DispatcherServlet        : Initializing Servlet 'dispatcherServlet'
2025-07-22T13:43:22.516+05:30  INFO 18796 --- [student-service] [RMI TCP Connection(3)-192.168.1.6] o.s.web.servlet.DispatcherServlet        : Completed initialization in 4 ms
2025-07-22T13:48:16.008+05:30  INFO 18796 --- [student-service] [AsyncResolver-bootstrap-executor-%d] c.n.d.s.r.aws.ConfigClusterResolver      : Resolving eureka endpoints via configuration
2025-07-22T13:53:16.117+05:30  INFO 18796 --- [student-service] [AsyncResolver-bootstrap-executor-%d] c.n.d.s.r.aws.ConfigClusterResolver      : Resolving eureka endpoints via configuration
2025-07-22T13:57:35.531+05:30  INFO 18796 --- [student-service] [http-nio-8052-exec-1] c.s.controller.StudentController         : getStudentById
2025-07-22T13:58:24.235+05:30  INFO 18796 --- [student-service] [AsyncResolver-bootstrap-executor-%d] c.n.d.s.r.aws.ConfigClusterResolver      : Resolving eureka endpoints via configuration
2025-07-22T14:54:21.540+05:30  WARN 18796 --- [student-service] [HikariPool-1:housekeeper] com.zaxxer.hikari.pool.HikariPool        : HikariPool-1 - Thread starvation or clock leap detected (housekeeper delta=53m7s161ms41µs).
2025-07-22T14:56:06.379+05:30  INFO 18796 --- [student-service] [AsyncResolver-bootstrap-executor-%d] c.n.d.s.r.aws.ConfigClusterResolver      : Resolving eureka endpoints via configuration
2025-07-22T15:01:06.426+05:30  INFO 18796 --- [student-service] [AsyncResolver-bootstrap-executor-%d] c.n.d.s.r.aws.ConfigClusterResolver      : Resolving eureka endpoints via configuration
2025-07-22T15:06:06.496+05:30  INFO 18796 --- [student-service] [AsyncResolver-bootstrap-executor-%d] c.n.d.s.r.aws.ConfigClusterResolver      : Resolving eureka endpoints via configuration
2025-07-22T15:10:10.813+05:30  INFO 18796 --- [student-service] [SpringApplicationShutdownHook] o.s.c.n.e.s.EurekaServiceRegistry        : Unregistering application STUDENT-SERVICE with eureka with status DOWN
2025-07-22T15:10:10.843+05:30  INFO 18796 --- [student-service] [SpringApplicationShutdownHook] com.netflix.discovery.DiscoveryClient    : Saw local status change event StatusChangeEvent [timestamp=1753177210843, current=DOWN, previous=UP]
2025-07-22T15:10:10.846+05:30  INFO 18796 --- [student-service] [DiscoveryClient-InstanceInfoReplicator-%d] com.netflix.discovery.DiscoveryClient    : DiscoveryClient_STUDENT-SERVICE/Mihir.mshome.net:student-service:8052: registering service...
2025-07-22T15:10:10.959+05:30  INFO 18796 --- [student-service] [DiscoveryClient-InstanceInfoReplicator-%d] com.netflix.discovery.DiscoveryClient    : DiscoveryClient_STUDENT-SERVICE/Mihir.mshome.net:student-service:8052 - registration status: 204
2025-07-22T15:10:11.086+05:30  INFO 18796 --- [student-service] [SpringApplicationShutdownHook] o.s.b.w.e.tomcat.GracefulShutdown        : Commencing graceful shutdown. Waiting for active requests to complete
2025-07-22T15:10:11.177+05:30  INFO 18796 --- [student-service] [tomcat-shutdown] o.s.b.w.e.tomcat.GracefulShutdown        : Graceful shutdown complete
2025-07-22T15:10:11.342+05:30  INFO 18796 --- [student-service] [SpringApplicationShutdownHook] j.LocalContainerEntityManagerFactoryBean : Closing JPA EntityManagerFactory for persistence unit 'default'
2025-07-22T15:10:11.479+05:30  INFO 18796 --- [student-service] [SpringApplicationShutdownHook] com.zaxxer.hikari.HikariDataSource       : HikariPool-1 - Shutdown initiated...
2025-07-22T15:10:11.528+05:30  INFO 18796 --- [student-service] [SpringApplicationShutdownHook] com.zaxxer.hikari.HikariDataSource       : HikariPool-1 - Shutdown completed.
2025-07-22T15:10:11.537+05:30  INFO 18796 --- [student-service] [SpringApplicationShutdownHook] com.netflix.discovery.DiscoveryClient    : Shutting down DiscoveryClient ...
2025-07-22T15:10:14.548+05:30  INFO 18796 --- [student-service] [SpringApplicationShutdownHook] com.netflix.discovery.DiscoveryClient    : Unregistering ...
2025-07-22T15:10:14.596+05:30  INFO 18796 --- [student-service] [SpringApplicationShutdownHook] com.netflix.discovery.DiscoveryClient    : DiscoveryClient_STUDENT-SERVICE/Mihir.mshome.net:student-service:8052 - deregister  status: 200
2025-07-22T15:10:14.599+05:30  INFO 18796 --- [student-service] [SpringApplicationShutdownHook] com.netflix.discovery.DiscoveryClient    : Completed shut down of DiscoveryClient
2025-07-22T15:42:09.272+05:30  INFO 29384 --- [student-service] [restartedMain] c.s.StudentServiceApplication            : Starting StudentServiceApplication using Java 23.0.1 with PID 29384 (C:\Users\mihir\Downloads\student-service\student-service\target\classes started by mihir in C:\Users\mihir\Downloads\MP\course-service)
2025-07-22T15:42:09.274+05:30  INFO 29384 --- [student-service] [restartedMain] c.s.StudentServiceApplication            : No active profile set, falling back to 1 default profile: "default"
2025-07-22T15:42:09.374+05:30  INFO 29384 --- [student-service] [restartedMain] .e.DevToolsPropertyDefaultsPostProcessor : Devtools property defaults active! Set 'spring.devtools.add-properties' to 'false' to disable
2025-07-22T15:42:09.374+05:30  INFO 29384 --- [student-service] [restartedMain] .e.DevToolsPropertyDefaultsPostProcessor : For additional web related logging consider setting the 'logging.level.web' property to 'DEBUG'
2025-07-22T15:42:11.110+05:30  INFO 29384 --- [student-service] [restartedMain] .s.d.r.c.RepositoryConfigurationDelegate : Bootstrapping Spring Data JPA repositories in DEFAULT mode.
2025-07-22T15:42:11.315+05:30  INFO 29384 --- [student-service] [restartedMain] .s.d.r.c.RepositoryConfigurationDelegate : Finished Spring Data repository scanning in 193 ms. Found 1 JPA repository interface.
2025-07-22T15:42:11.631+05:30  INFO 29384 --- [student-service] [restartedMain] o.s.cloud.context.scope.GenericScope     : BeanFactory id=b64be707-fbb3-354f-8bae-5baa62aa93a4
2025-07-22T15:42:12.189+05:30  INFO 29384 --- [student-service] [restartedMain] o.s.b.w.embedded.tomcat.TomcatWebServer  : Tomcat initialized with port 8052 (http)
2025-07-22T15:42:12.207+05:30  INFO 29384 --- [student-service] [restartedMain] o.apache.catalina.core.StandardService   : Starting service [Tomcat]
2025-07-22T15:42:12.208+05:30  INFO 29384 --- [student-service] [restartedMain] o.apache.catalina.core.StandardEngine    : Starting Servlet engine: [Apache Tomcat/10.1.42]
2025-07-22T15:42:12.292+05:30  INFO 29384 --- [student-service] [restartedMain] o.a.c.c.C.[Tomcat].[localhost].[/]       : Initializing Spring embedded WebApplicationContext
2025-07-22T15:42:12.293+05:30  INFO 29384 --- [student-service] [restartedMain] w.s.c.ServletWebServerApplicationContext : Root WebApplicationContext: initialization completed in 2918 ms
2025-07-22T15:42:12.633+05:30  INFO 29384 --- [student-service] [restartedMain] o.hibernate.jpa.internal.util.LogHelper  : HHH000204: Processing PersistenceUnitInfo [name: default]
2025-07-22T15:42:12.688+05:30  INFO 29384 --- [student-service] [restartedMain] org.hibernate.Version                    : HHH000412: Hibernate ORM core version 6.6.18.Final
2025-07-22T15:42:12.721+05:30  INFO 29384 --- [student-service] [restartedMain] o.h.c.internal.RegionFactoryInitiator    : HHH000026: Second-level cache disabled
2025-07-22T15:42:13.007+05:30  INFO 29384 --- [student-service] [restartedMain] o.s.o.j.p.SpringPersistenceUnitInfo      : No LoadTimeWeaver setup: ignoring JPA class transformer
2025-07-22T15:42:13.047+05:30  INFO 29384 --- [student-service] [restartedMain] com.zaxxer.hikari.HikariDataSource       : HikariPool-1 - Starting...
2025-07-22T15:42:13.441+05:30  INFO 29384 --- [student-service] [restartedMain] com.zaxxer.hikari.pool.HikariPool        : HikariPool-1 - Added connection com.mysql.cj.jdbc.ConnectionImpl@eedc921
2025-07-22T15:42:13.443+05:30  INFO 29384 --- [student-service] [restartedMain] com.zaxxer.hikari.HikariDataSource       : HikariPool-1 - Start completed.
2025-07-22T15:42:13.573+05:30  INFO 29384 --- [student-service] [restartedMain] org.hibernate.orm.connections.pooling    : HHH10001005: Database info:
	Database JDBC URL [Connecting through datasource 'HikariDataSource (HikariPool-1)']
	Database driver: undefined/unknown
	Database version: 8.0.39
	Autocommit mode: undefined/unknown
	Isolation level: undefined/unknown
	Minimum pool size: undefined/unknown
	Maximum pool size: undefined/unknown
2025-07-22T15:42:14.644+05:30  INFO 29384 --- [student-service] [restartedMain] o.h.e.t.j.p.i.JtaPlatformInitiator       : HHH000489: No JTA platform available (set 'hibernate.transaction.jta.platform' to enable JTA platform integration)
2025-07-22T15:42:14.689+05:30  INFO 29384 --- [student-service] [restartedMain] j.LocalContainerEntityManagerFactoryBean : Initialized JPA EntityManagerFactory for persistence unit 'default'
2025-07-22T15:42:14.981+05:30  WARN 29384 --- [student-service] [restartedMain] JpaBaseConfiguration$JpaWebConfiguration : spring.jpa.open-in-view is enabled by default. Therefore, database queries may be performed during view rendering. Explicitly configure spring.jpa.open-in-view to disable this warning
2025-07-22T15:42:15.701+05:30  WARN 29384 --- [student-service] [restartedMain] o.s.b.d.a.OptionalLiveReloadServer       : Unable to start LiveReload server
2025-07-22T15:42:15.725+05:30  INFO 29384 --- [student-service] [restartedMain] DiscoveryClientOptionalArgsConfiguration : Eureka HTTP Client uses RestTemplate.
2025-07-22T15:42:15.756+05:30  WARN 29384 --- [student-service] [restartedMain] iguration$LoadBalancerCaffeineWarnLogger : Spring Cloud LoadBalancer is currently working with the default cache. While this cache implementation is useful for development and tests, it's recommended to use Caffeine cache in production.You can switch to using Caffeine cache, by adding it and org.springframework.cache.caffeine.CaffeineCacheManager to the classpath.
2025-07-22T15:42:15.761+05:30  INFO 29384 --- [student-service] [restartedMain] o.s.b.a.e.web.EndpointLinksResolver      : Exposing 3 endpoints beneath base path '/actuator'
2025-07-22T15:42:15.871+05:30  INFO 29384 --- [student-service] [restartedMain] o.s.c.n.eureka.InstanceInfoFactory       : Setting initial instance status as: STARTING
2025-07-22T15:42:15.900+05:30  INFO 29384 --- [student-service] [restartedMain] com.netflix.discovery.DiscoveryClient    : Initializing Eureka in region us-east-1
2025-07-22T15:42:15.905+05:30  INFO 29384 --- [student-service] [restartedMain] c.n.d.s.r.aws.ConfigClusterResolver      : Resolving eureka endpoints via configuration
2025-07-22T15:42:15.915+05:30  INFO 29384 --- [student-service] [restartedMain] com.netflix.discovery.DiscoveryClient    : Disable delta property : false
2025-07-22T15:42:15.916+05:30  INFO 29384 --- [student-service] [restartedMain] com.netflix.discovery.DiscoveryClient    : Single vip registry refresh property : null
2025-07-22T15:42:15.916+05:30  INFO 29384 --- [student-service] [restartedMain] com.netflix.discovery.DiscoveryClient    : Force full registry fetch : false
2025-07-22T15:42:15.916+05:30  INFO 29384 --- [student-service] [restartedMain] com.netflix.discovery.DiscoveryClient    : Application is null : false
2025-07-22T15:42:15.916+05:30  INFO 29384 --- [student-service] [restartedMain] com.netflix.discovery.DiscoveryClient    : Registered Applications size is zero : true
2025-07-22T15:42:15.916+05:30  INFO 29384 --- [student-service] [restartedMain] com.netflix.discovery.DiscoveryClient    : Application version is -1: true
2025-07-22T15:42:15.916+05:30  INFO 29384 --- [student-service] [restartedMain] com.netflix.discovery.DiscoveryClient    : Getting all instance registry info from the eureka server
2025-07-22T15:42:16.302+05:30  INFO 29384 --- [student-service] [restartedMain] com.netflix.discovery.DiscoveryClient    : The response status is 200
2025-07-22T15:42:16.304+05:30  INFO 29384 --- [student-service] [restartedMain] com.netflix.discovery.DiscoveryClient    : Starting heartbeat executor: renew interval is: 30
2025-07-22T15:42:16.306+05:30  INFO 29384 --- [student-service] [restartedMain] c.n.discovery.InstanceInfoReplicator     : InstanceInfoReplicator onDemand update allowed rate per min is 4
2025-07-22T15:42:16.308+05:30  INFO 29384 --- [student-service] [restartedMain] com.netflix.discovery.DiscoveryClient    : Discovery Client initialized at timestamp 1753179136307 with initial instances count: 4
2025-07-22T15:42:16.312+05:30  INFO 29384 --- [student-service] [restartedMain] o.s.c.n.e.s.EurekaServiceRegistry        : Registering application STUDENT-SERVICE with eureka with status UP
2025-07-22T15:42:16.312+05:30  INFO 29384 --- [student-service] [restartedMain] com.netflix.discovery.DiscoveryClient    : Saw local status change event StatusChangeEvent [timestamp=1753179136312, current=UP, previous=STARTING]
2025-07-22T15:42:16.314+05:30  INFO 29384 --- [student-service] [DiscoveryClient-InstanceInfoReplicator-%d] com.netflix.discovery.DiscoveryClient    : DiscoveryClient_STUDENT-SERVICE/Mihir.mshome.net:student-service:8052: registering service...
2025-07-22T15:42:16.338+05:30  INFO 29384 --- [student-service] [restartedMain] o.s.b.w.embedded.tomcat.TomcatWebServer  : Tomcat started on port 8052 (http) with context path '/'
2025-07-22T15:42:16.339+05:30  INFO 29384 --- [student-service] [restartedMain] .s.c.n.e.s.EurekaAutoServiceRegistration : Updating port to 8052
2025-07-22T15:42:16.357+05:30  INFO 29384 --- [student-service] [DiscoveryClient-InstanceInfoReplicator-%d] com.netflix.discovery.DiscoveryClient    : DiscoveryClient_STUDENT-SERVICE/Mihir.mshome.net:student-service:8052 - registration status: 204
2025-07-22T15:42:16.360+05:30  INFO 29384 --- [student-service] [restartedMain] c.s.StudentServiceApplication            : Started StudentServiceApplication in 8.106 seconds (process running for 9.987)
2025-07-22T15:42:16.569+05:30  INFO 29384 --- [student-service] [RMI TCP Connection(4)-192.168.1.6] o.a.c.c.C.[Tomcat].[localhost].[/]       : Initializing Spring DispatcherServlet 'dispatcherServlet'
2025-07-22T15:42:16.569+05:30  INFO 29384 --- [student-service] [RMI TCP Connection(4)-192.168.1.6] o.s.web.servlet.DispatcherServlet        : Initializing Servlet 'dispatcherServlet'
2025-07-22T15:42:16.574+05:30  INFO 29384 --- [student-service] [RMI TCP Connection(4)-192.168.1.6] o.s.web.servlet.DispatcherServlet        : Completed initialization in 4 ms
2025-07-22T15:42:55.463+05:30  INFO 29384 --- [student-service] [http-nio-8052-exec-1] c.s.controller.StudentController         : getStudentById
2025-07-22T15:43:08.079+05:30  INFO 29384 --- [student-service] [http-nio-8052-exec-2] c.s.controller.StudentController         : getStudentById
2025-07-22T15:43:27.409+05:30  INFO 29384 --- [student-service] [http-nio-8052-exec-3] c.s.controller.StudentController         : getStudentById
2025-07-22T15:43:27.449+05:30  INFO 29384 --- [student-service] [http-nio-8052-exec-4] c.s.controller.StudentController         : getStudentById
2025-07-22T15:43:47.683+05:30  INFO 29384 --- [student-service] [http-nio-8052-exec-5] c.s.controller.StudentController         : getStudentById
2025-07-22T15:45:02.968+05:30  INFO 29384 --- [student-service] [http-nio-8052-exec-7] c.s.controller.StudentController         : getStudentById
2025-07-22T15:45:03.010+05:30  INFO 29384 --- [student-service] [http-nio-8052-exec-9] c.s.controller.StudentController         : getStudentById
2025-07-22T15:47:15.925+05:30  INFO 29384 --- [student-service] [AsyncResolver-bootstrap-executor-%d] c.n.d.s.r.aws.ConfigClusterResolver      : Resolving eureka endpoints via configuration
2025-07-22T15:47:19.374+05:30  INFO 29384 --- [student-service] [http-nio-8052-exec-10] c.s.controller.StudentController         : getStudentById
2025-07-22T15:48:11.387+05:30  INFO 29384 --- [student-service] [http-nio-8052-exec-1] c.s.controller.StudentController         : getStudentById
2025-07-22T15:48:14.994+05:30  INFO 29384 --- [student-service] [http-nio-8052-exec-2] c.s.controller.StudentController         : getStudentById
2025-07-22T15:48:17.339+05:30  INFO 29384 --- [student-service] [http-nio-8052-exec-3] c.s.controller.StudentController         : getStudentById
2025-07-22T15:48:19.015+05:30  INFO 29384 --- [student-service] [http-nio-8052-exec-4] c.s.controller.StudentController         : getStudentById
2025-07-22T15:48:21.278+05:30  INFO 29384 --- [student-service] [http-nio-8052-exec-5] c.s.controller.StudentController         : getStudentById
2025-07-22T15:48:23.282+05:30  INFO 29384 --- [student-service] [http-nio-8052-exec-6] c.s.controller.StudentController         : getStudentById
2025-07-22T15:48:33.846+05:30  INFO 29384 --- [student-service] [http-nio-8052-exec-7] c.s.controller.StudentController         : getStudentById
2025-07-22T15:52:15.951+05:30  INFO 29384 --- [student-service] [AsyncResolver-bootstrap-executor-%d] c.n.d.s.r.aws.ConfigClusterResolver      : Resolving eureka endpoints via configuration
2025-07-22T15:57:15.979+05:30  INFO 29384 --- [student-service] [AsyncResolver-bootstrap-executor-%d] c.n.d.s.r.aws.ConfigClusterResolver      : Resolving eureka endpoints via configuration
2025-07-22T16:02:15.998+05:30  INFO 29384 --- [student-service] [AsyncResolver-bootstrap-executor-%d] c.n.d.s.r.aws.ConfigClusterResolver      : Resolving eureka endpoints via configuration
2025-07-22T16:07:16.183+05:30  INFO 29384 --- [student-service] [AsyncResolver-bootstrap-executor-%d] c.n.d.s.r.aws.ConfigClusterResolver      : Resolving eureka endpoints via configuration
2025-07-22T16:12:18.086+05:30  INFO 29384 --- [student-service] [AsyncResolver-bootstrap-executor-%d] c.n.d.s.r.aws.ConfigClusterResolver      : Resolving eureka endpoints via configuration
2025-07-22T16:14:05.235+05:30  INFO 29384 --- [student-service] [http-nio-8052-exec-8] c.s.controller.StudentController         : getStudentById
2025-07-22T16:16:35.694+05:30  INFO 29384 --- [student-service] [http-nio-8052-exec-1] c.s.controller.StudentController         : getStudentById
2025-07-22T16:17:18.506+05:30  INFO 29384 --- [student-service] [AsyncResolver-bootstrap-executor-%d] c.n.d.s.r.aws.ConfigClusterResolver      : Resolving eureka endpoints via configuration
2025-07-22T16:17:44.356+05:30  INFO 29384 --- [student-service] [SpringApplicationShutdownHook] o.s.c.n.e.s.EurekaServiceRegistry        : Unregistering application STUDENT-SERVICE with eureka with status DOWN
2025-07-22T16:17:44.359+05:30  INFO 29384 --- [student-service] [SpringApplicationShutdownHook] com.netflix.discovery.DiscoveryClient    : Saw local status change event StatusChangeEvent [timestamp=1753181264359, current=DOWN, previous=UP]
2025-07-22T16:17:44.360+05:30  INFO 29384 --- [student-service] [DiscoveryClient-InstanceInfoReplicator-%d] com.netflix.discovery.DiscoveryClient    : DiscoveryClient_STUDENT-SERVICE/Mihir.mshome.net:student-service:8052: registering service...
2025-07-22T16:17:44.708+05:30  INFO 29384 --- [student-service] [DiscoveryClient-InstanceInfoReplicator-%d] com.netflix.discovery.DiscoveryClient    : DiscoveryClient_STUDENT-SERVICE/Mihir.mshome.net:student-service:8052 - registration status: 204
2025-07-22T16:17:45.051+05:30  INFO 29384 --- [student-service] [SpringApplicationShutdownHook] o.s.b.w.e.tomcat.GracefulShutdown        : Commencing graceful shutdown. Waiting for active requests to complete
2025-07-22T16:17:45.508+05:30  INFO 29384 --- [student-service] [tomcat-shutdown] o.s.b.w.e.tomcat.GracefulShutdown        : Graceful shutdown complete
2025-07-22T16:17:45.845+05:30  INFO 29384 --- [student-service] [SpringApplicationShutdownHook] j.LocalContainerEntityManagerFactoryBean : Closing JPA EntityManagerFactory for persistence unit 'default'
2025-07-22T16:17:46.226+05:30  INFO 29384 --- [student-service] [SpringApplicationShutdownHook] com.zaxxer.hikari.HikariDataSource       : HikariPool-1 - Shutdown initiated...
2025-07-22T16:17:46.302+05:30  INFO 29384 --- [student-service] [SpringApplicationShutdownHook] com.zaxxer.hikari.HikariDataSource       : HikariPool-1 - Shutdown completed.
2025-07-22T16:17:46.312+05:30  INFO 29384 --- [student-service] [SpringApplicationShutdownHook] com.netflix.discovery.DiscoveryClient    : Shutting down DiscoveryClient ...
2025-07-22T16:17:49.326+05:30  INFO 29384 --- [student-service] [SpringApplicationShutdownHook] com.netflix.discovery.DiscoveryClient    : Unregistering ...
2025-07-22T16:17:49.559+05:30  INFO 29384 --- [student-service] [SpringApplicationShutdownHook] c.n.d.s.t.d.RedirectingEurekaHttpClient  : Request execution error. endpoint=DefaultEndpoint{ serviceUrl='http://localhost:8761/eureka/} exception=I/O error on DELETE request for "http://localhost:8761/eureka/apps/STUDENT-SERVICE/Mihir.mshome.net:student-service:8052": Connect to http://localhost:8761 failed: Connection refused: getsockopt stacktrace=org.springframework.web.client.ResourceAccessException: I/O error on DELETE request for "http://localhost:8761/eureka/apps/STUDENT-SERVICE/Mihir.mshome.net:student-service:8052": Connect to http://localhost:8761 failed: Connection refused: getsockopt
	at org.springframework.web.client.RestTemplate.createResourceAccessException(RestTemplate.java:926)
	at org.springframework.web.client.RestTemplate.doExecute(RestTemplate.java:906)
	at org.springframework.web.client.RestTemplate.execute(RestTemplate.java:841)
	at org.springframework.web.client.RestTemplate.exchange(RestTemplate.java:702)
	at org.springframework.cloud.netflix.eureka.http.RestTemplateEurekaHttpClient.cancel(RestTemplateEurekaHttpClient.java:100)
	at com.netflix.discovery.shared.transport.decorator.EurekaHttpClientDecorator$2.execute(EurekaHttpClientDecorator.java:74)
	at com.netflix.discovery.shared.transport.decorator.RedirectingEurekaHttpClient.execute(RedirectingEurekaHttpClient.java:91)
	at com.netflix.discovery.shared.transport.decorator.EurekaHttpClientDecorator.cancel(EurekaHttpClientDecorator.java:71)
	at com.netflix.discovery.shared.transport.decorator.EurekaHttpClientDecorator$2.execute(EurekaHttpClientDecorator.java:74)
	at com.netflix.discovery.shared.transport.decorator.RetryableEurekaHttpClient.execute(RetryableEurekaHttpClient.java:120)
	at com.netflix.discovery.shared.transport.decorator.EurekaHttpClientDecorator.cancel(EurekaHttpClientDecorator.java:71)
	at com.netflix.discovery.shared.transport.decorator.EurekaHttpClientDecorator$2.execute(EurekaHttpClientDecorator.java:74)
	at com.netflix.discovery.shared.transport.decorator.SessionedEurekaHttpClient.execute(SessionedEurekaHttpClient.java:76)
	at com.netflix.discovery.shared.transport.decorator.EurekaHttpClientDecorator.cancel(EurekaHttpClientDecorator.java:71)
	at com.netflix.discovery.DiscoveryClient.unregister(DiscoveryClient.java:919)
	at com.netflix.discovery.DiscoveryClient.shutdown(DiscoveryClient.java:900)
	at java.base/jdk.internal.reflect.DirectMethodHandleAccessor.invoke(DirectMethodHandleAccessor.java:103)
	at java.base/java.lang.reflect.Method.invoke(Method.java:580)
	at org.springframework.beans.factory.annotation.InitDestroyAnnotationBeanPostProcessor$LifecycleMethod.invoke(InitDestroyAnnotationBeanPostProcessor.java:457)
	at org.springframework.beans.factory.annotation.InitDestroyAnnotationBeanPostProcessor$LifecycleMetadata.invokeDestroyMethods(InitDestroyAnnotationBeanPostProcessor.java:415)
	at org.springframework.beans.factory.annotation.InitDestroyAnnotationBeanPostProcessor.postProcessBeforeDestruction(InitDestroyAnnotationBeanPostProcessor.java:239)
	at org.springframework.beans.factory.support.DisposableBeanAdapter.destroy(DisposableBeanAdapter.java:202)
	at org.springframework.beans.factory.support.DisposableBeanAdapter.run(DisposableBeanAdapter.java:195)
	at org.springframework.cloud.context.scope.GenericScope$BeanLifecycleWrapper.destroy(GenericScope.java:387)
	at org.springframework.cloud.context.scope.GenericScope.destroy(GenericScope.java:134)
	at org.springframework.beans.factory.support.DisposableBeanAdapter.destroy(DisposableBeanAdapter.java:211)
	at org.springframework.beans.factory.support.DefaultSingletonBeanRegistry.destroyBean(DefaultSingletonBeanRegistry.java:798)
	at org.springframework.beans.factory.support.DefaultSingletonBeanRegistry.destroySingleton(DefaultSingletonBeanRegistry.java:748)
	at org.springframework.beans.factory.support.DefaultListableBeanFactory.destroySingleton(DefaultListableBeanFactory.java:1474)
	at org.springframework.beans.factory.support.DefaultSingletonBeanRegistry.destroySingletons(DefaultSingletonBeanRegistry.java:707)
	at org.springframework.beans.factory.support.DefaultListableBeanFactory.destroySingletons(DefaultListableBeanFactory.java:1467)
	at org.springframework.context.support.AbstractApplicationContext.destroyBeans(AbstractApplicationContext.java:1219)
	at org.springframework.context.support.AbstractApplicationContext.doClose(AbstractApplicationContext.java:1180)
	at org.springframework.boot.web.servlet.context.ServletWebServerApplicationContext.doClose(ServletWebServerApplicationContext.java:179)
	at org.springframework.context.support.AbstractApplicationContext.close(AbstractApplicationContext.java:1126)
	at org.springframework.boot.SpringApplicationShutdownHook.closeAndWait(SpringApplicationShutdownHook.java:147)
	at java.base/java.lang.Iterable.forEach(Iterable.java:75)
	at org.springframework.boot.SpringApplicationShutdownHook.run(SpringApplicationShutdownHook.java:116)
	at java.base/java.lang.Thread.run(Thread.java:1575)
Caused by: org.apache.hc.client5.http.HttpHostConnectException: Connect to http://localhost:8761 failed: Connection refused: getsockopt
	at java.base/sun.nio.ch.Net.pollConnect(Native Method)
	at java.base/sun.nio.ch.Net.pollConnectNow(Net.java:682)
	at java.base/sun.nio.ch.NioSocketImpl.timedFinishConnect(NioSocketImpl.java:542)
	at java.base/sun.nio.ch.NioSocketImpl.connect(NioSocketImpl.java:592)
	at java.base/java.net.SocksSocketImpl.connect(SocksSocketImpl.java:327)
	at java.base/java.net.Socket.connect(Socket.java:760)
	at org.apache.hc.client5.http.impl.io.DefaultHttpClientConnectionOperator.connect(DefaultHttpClientConnectionOperator.java:205)
	at org.apache.hc.client5.http.impl.io.PoolingHttpClientConnectionManager.connect(PoolingHttpClientConnectionManager.java:490)
	at org.apache.hc.client5.http.impl.classic.InternalExecRuntime.connectEndpoint(InternalExecRuntime.java:164)
	at org.apache.hc.client5.http.impl.classic.InternalExecRuntime.connectEndpoint(InternalExecRuntime.java:174)
	at org.apache.hc.client5.http.impl.classic.ConnectExec.execute(ConnectExec.java:144)
	at org.apache.hc.client5.http.impl.classic.ExecChainElement.execute(ExecChainElement.java:51)
	at org.apache.hc.client5.http.impl.classic.ProtocolExec.execute(ProtocolExec.java:195)
	at org.apache.hc.client5.http.impl.classic.ExecChainElement.execute(ExecChainElement.java:51)
	at org.apache.hc.client5.http.impl.classic.ContentCompressionExec.execute(ContentCompressionExec.java:150)
	at org.apache.hc.client5.http.impl.classic.ExecChainElement.execute(ExecChainElement.java:51)
	at org.apache.hc.client5.http.impl.classic.HttpRequestRetryExec.execute(HttpRequestRetryExec.java:113)
	at org.apache.hc.client5.http.impl.classic.ExecChainElement.execute(ExecChainElement.java:51)
	at org.apache.hc.client5.http.impl.classic.RedirectExec.execute(RedirectExec.java:110)
	at org.apache.hc.client5.http.impl.classic.ExecChainElement.execute(ExecChainElement.java:51)
	at org.apache.hc.client5.http.impl.classic.InternalHttpClient.doExecute(InternalHttpClient.java:185)
	at org.apache.hc.client5.http.impl.classic.CloseableHttpClient.execute(CloseableHttpClient.java:87)
	at org.apache.hc.client5.http.impl.classic.CloseableHttpClient.execute(CloseableHttpClient.java:55)
	at org.apache.hc.client5.http.classic.HttpClient.executeOpen(HttpClient.java:183)
	at org.springframework.http.client.HttpComponentsClientHttpRequest.executeInternal(HttpComponentsClientHttpRequest.java:99)
	at org.springframework.http.client.AbstractStreamingClientHttpRequest.executeInternal(AbstractStreamingClientHttpRequest.java:71)
	at org.springframework.http.client.AbstractClientHttpRequest.execute(AbstractClientHttpRequest.java:81)
	at org.springframework.http.client.InterceptingClientHttpRequest$InterceptingRequestExecution.execute(InterceptingClientHttpRequest.java:117)
	at org.springframework.cloud.netflix.eureka.http.RestTemplateTransportClientFactory.lambda$restTemplate$2(RestTemplateTransportClientFactory.java:145)
	at org.springframework.http.client.InterceptingClientHttpRequest$InterceptingRequestExecution.execute(InterceptingClientHttpRequest.java:88)
	at org.springframework.http.client.InterceptingClientHttpRequest.executeInternal(InterceptingClientHttpRequest.java:72)
	at org.springframework.http.client.AbstractBufferingClientHttpRequest.executeInternal(AbstractBufferingClientHttpRequest.java:48)
	at org.springframework.http.client.AbstractClientHttpRequest.execute(AbstractClientHttpRequest.java:81)
	at org.springframework.web.client.RestTemplate.doExecute(RestTemplate.java:900)
	... 37 more

2025-07-22T16:17:49.560+05:30  WARN 29384 --- [student-service] [SpringApplicationShutdownHook] c.n.d.s.t.d.RetryableEurekaHttpClient    : Request execution failed with message: I/O error on DELETE request for "http://localhost:8761/eureka/apps/STUDENT-SERVICE/Mihir.mshome.net:student-service:8052": Connect to http://localhost:8761 failed: Connection refused: getsockopt
2025-07-22T16:17:50.029+05:30  INFO 29384 --- [student-service] [SpringApplicationShutdownHook] c.n.d.s.t.d.RedirectingEurekaHttpClient  : Request execution error. endpoint=DefaultEndpoint{ serviceUrl='http://localhost:8761/eureka/}, exception=I/O error on DELETE request for "http://localhost:8761/eureka/apps/STUDENT-SERVICE/Mihir.mshome.net:student-service:8052": Connect to http://localhost:8761 failed: Connection refused: getsockopt stacktrace=org.springframework.web.client.ResourceAccessException: I/O error on DELETE request for "http://localhost:8761/eureka/apps/STUDENT-SERVICE/Mihir.mshome.net:student-service:8052": Connect to http://localhost:8761 failed: Connection refused: getsockopt
	at org.springframework.web.client.RestTemplate.createResourceAccessException(RestTemplate.java:926)
	at org.springframework.web.client.RestTemplate.doExecute(RestTemplate.java:906)
	at org.springframework.web.client.RestTemplate.execute(RestTemplate.java:841)
	at org.springframework.web.client.RestTemplate.exchange(RestTemplate.java:702)
	at org.springframework.cloud.netflix.eureka.http.RestTemplateEurekaHttpClient.cancel(RestTemplateEurekaHttpClient.java:100)
	at com.netflix.discovery.shared.transport.decorator.EurekaHttpClientDecorator$2.execute(EurekaHttpClientDecorator.java:74)
	at com.netflix.discovery.shared.transport.decorator.RedirectingEurekaHttpClient.executeOnNewServer(RedirectingEurekaHttpClient.java:121)
	at com.netflix.discovery.shared.transport.decorator.RedirectingEurekaHttpClient.execute(RedirectingEurekaHttpClient.java:80)
	at com.netflix.discovery.shared.transport.decorator.EurekaHttpClientDecorator.cancel(EurekaHttpClientDecorator.java:71)
	at com.netflix.discovery.shared.transport.decorator.EurekaHttpClientDecorator$2.execute(EurekaHttpClientDecorator.java:74)
	at com.netflix.discovery.shared.transport.decorator.RetryableEurekaHttpClient.execute(RetryableEurekaHttpClient.java:120)
	at com.netflix.discovery.shared.transport.decorator.EurekaHttpClientDecorator.cancel(EurekaHttpClientDecorator.java:71)
	at com.netflix.discovery.shared.transport.decorator.EurekaHttpClientDecorator$2.execute(EurekaHttpClientDecorator.java:74)
	at com.netflix.discovery.shared.transport.decorator.SessionedEurekaHttpClient.execute(SessionedEurekaHttpClient.java:76)
	at com.netflix.discovery.shared.transport.decorator.EurekaHttpClientDecorator.cancel(EurekaHttpClientDecorator.java:71)
	at com.netflix.discovery.DiscoveryClient.unregister(DiscoveryClient.java:919)
	at com.netflix.discovery.DiscoveryClient.shutdown(DiscoveryClient.java:900)
	at java.base/jdk.internal.reflect.DirectMethodHandleAccessor.invoke(DirectMethodHandleAccessor.java:103)
	at java.base/java.lang.reflect.Method.invoke(Method.java:580)
	at org.springframework.beans.factory.annotation.InitDestroyAnnotationBeanPostProcessor$LifecycleMethod.invoke(InitDestroyAnnotationBeanPostProcessor.java:457)
	at org.springframework.beans.factory.annotation.InitDestroyAnnotationBeanPostProcessor$LifecycleMetadata.invokeDestroyMethods(InitDestroyAnnotationBeanPostProcessor.java:415)
	at org.springframework.beans.factory.annotation.InitDestroyAnnotationBeanPostProcessor.postProcessBeforeDestruction(InitDestroyAnnotationBeanPostProcessor.java:239)
	at org.springframework.beans.factory.support.DisposableBeanAdapter.destroy(DisposableBeanAdapter.java:202)
	at org.springframework.beans.factory.support.DisposableBeanAdapter.run(DisposableBeanAdapter.java:195)
	at org.springframework.cloud.context.scope.GenericScope$BeanLifecycleWrapper.destroy(GenericScope.java:387)
	at org.springframework.cloud.context.scope.GenericScope.destroy(GenericScope.java:134)
	at org.springframework.beans.factory.support.DisposableBeanAdapter.destroy(DisposableBeanAdapter.java:211)
	at org.springframework.beans.factory.support.DefaultSingletonBeanRegistry.destroyBean(DefaultSingletonBeanRegistry.java:798)
	at org.springframework.beans.factory.support.DefaultSingletonBeanRegistry.destroySingleton(DefaultSingletonBeanRegistry.java:748)
	at org.springframework.beans.factory.support.DefaultListableBeanFactory.destroySingleton(DefaultListableBeanFactory.java:1474)
	at org.springframework.beans.factory.support.DefaultSingletonBeanRegistry.destroySingletons(DefaultSingletonBeanRegistry.java:707)
	at org.springframework.beans.factory.support.DefaultListableBeanFactory.destroySingletons(DefaultListableBeanFactory.java:1467)
	at org.springframework.context.support.AbstractApplicationContext.destroyBeans(AbstractApplicationContext.java:1219)
	at org.springframework.context.support.AbstractApplicationContext.doClose(AbstractApplicationContext.java:1180)
	at org.springframework.boot.web.servlet.context.ServletWebServerApplicationContext.doClose(ServletWebServerApplicationContext.java:179)
	at org.springframework.context.support.AbstractApplicationContext.close(AbstractApplicationContext.java:1126)
	at org.springframework.boot.SpringApplicationShutdownHook.closeAndWait(SpringApplicationShutdownHook.java:147)
	at java.base/java.lang.Iterable.forEach(Iterable.java:75)
	at org.springframework.boot.SpringApplicationShutdownHook.run(SpringApplicationShutdownHook.java:116)
	at java.base/java.lang.Thread.run(Thread.java:1575)
Caused by: org.apache.hc.client5.http.HttpHostConnectException: Connect to http://localhost:8761 failed: Connection refused: getsockopt
	at java.base/sun.nio.ch.Net.pollConnect(Native Method)
	at java.base/sun.nio.ch.Net.pollConnectNow(Net.java:682)
	at java.base/sun.nio.ch.NioSocketImpl.timedFinishConnect(NioSocketImpl.java:542)
	at java.base/sun.nio.ch.NioSocketImpl.connect(NioSocketImpl.java:592)
	at java.base/java.net.SocksSocketImpl.connect(SocksSocketImpl.java:327)
	at java.base/java.net.Socket.connect(Socket.java:760)
	at org.apache.hc.client5.http.impl.io.DefaultHttpClientConnectionOperator.connect(DefaultHttpClientConnectionOperator.java:205)
	at org.apache.hc.client5.http.impl.io.PoolingHttpClientConnectionManager.connect(PoolingHttpClientConnectionManager.java:490)
	at org.apache.hc.client5.http.impl.classic.InternalExecRuntime.connectEndpoint(InternalExecRuntime.java:164)
	at org.apache.hc.client5.http.impl.classic.InternalExecRuntime.connectEndpoint(InternalExecRuntime.java:174)
	at org.apache.hc.client5.http.impl.classic.ConnectExec.execute(ConnectExec.java:144)
	at org.apache.hc.client5.http.impl.classic.ExecChainElement.execute(ExecChainElement.java:51)
	at org.apache.hc.client5.http.impl.classic.ProtocolExec.execute(ProtocolExec.java:195)
	at org.apache.hc.client5.http.impl.classic.ExecChainElement.execute(ExecChainElement.java:51)
	at org.apache.hc.client5.http.impl.classic.ContentCompressionExec.execute(ContentCompressionExec.java:150)
	at org.apache.hc.client5.http.impl.classic.ExecChainElement.execute(ExecChainElement.java:51)
	at org.apache.hc.client5.http.impl.classic.HttpRequestRetryExec.execute(HttpRequestRetryExec.java:113)
	at org.apache.hc.client5.http.impl.classic.ExecChainElement.execute(ExecChainElement.java:51)
	at org.apache.hc.client5.http.impl.classic.RedirectExec.execute(RedirectExec.java:110)
	at org.apache.hc.client5.http.impl.classic.ExecChainElement.execute(ExecChainElement.java:51)
	at org.apache.hc.client5.http.impl.classic.InternalHttpClient.doExecute(InternalHttpClient.java:185)
	at org.apache.hc.client5.http.impl.classic.CloseableHttpClient.execute(CloseableHttpClient.java:87)
	at org.apache.hc.client5.http.impl.classic.CloseableHttpClient.execute(CloseableHttpClient.java:55)
	at org.apache.hc.client5.http.classic.HttpClient.executeOpen(HttpClient.java:183)
	at org.springframework.http.client.HttpComponentsClientHttpRequest.executeInternal(HttpComponentsClientHttpRequest.java:99)
	at org.springframework.http.client.AbstractStreamingClientHttpRequest.executeInternal(AbstractStreamingClientHttpRequest.java:71)
	at org.springframework.http.client.AbstractClientHttpRequest.execute(AbstractClientHttpRequest.java:81)
	at org.springframework.http.client.InterceptingClientHttpRequest$InterceptingRequestExecution.execute(InterceptingClientHttpRequest.java:117)
	at org.springframework.cloud.netflix.eureka.http.RestTemplateTransportClientFactory.lambda$restTemplate$2(RestTemplateTransportClientFactory.java:145)
	at org.springframework.http.client.InterceptingClientHttpRequest$InterceptingRequestExecution.execute(InterceptingClientHttpRequest.java:88)
	at org.springframework.http.client.InterceptingClientHttpRequest.executeInternal(InterceptingClientHttpRequest.java:72)
	at org.springframework.http.client.AbstractBufferingClientHttpRequest.executeInternal(AbstractBufferingClientHttpRequest.java:48)
	at org.springframework.http.client.AbstractClientHttpRequest.execute(AbstractClientHttpRequest.java:81)
	at org.springframework.web.client.RestTemplate.doExecute(RestTemplate.java:900)
	... 38 more

2025-07-22T16:17:50.037+05:30  WARN 29384 --- [student-service] [SpringApplicationShutdownHook] c.n.d.s.t.d.RetryableEurekaHttpClient    : Request execution failed with message: I/O error on DELETE request for "http://localhost:8761/eureka/apps/STUDENT-SERVICE/Mihir.mshome.net:student-service:8052": Connect to http://localhost:8761 failed: Connection refused: getsockopt
2025-07-22T16:17:50.043+05:30 ERROR 29384 --- [student-service] [SpringApplicationShutdownHook] com.netflix.discovery.DiscoveryClient    : DiscoveryClient_STUDENT-SERVICE/Mihir.mshome.net:student-service:8052 - de-registration failedCannot execute request on any known server

com.netflix.discovery.shared.transport.TransportException: Cannot execute request on any known server
	at com.netflix.discovery.shared.transport.decorator.RetryableEurekaHttpClient.execute(RetryableEurekaHttpClient.java:112) ~[eureka-client-2.0.4.jar:2.0.4]
	at com.netflix.discovery.shared.transport.decorator.EurekaHttpClientDecorator.cancel(EurekaHttpClientDecorator.java:71) ~[eureka-client-2.0.4.jar:2.0.4]
	at com.netflix.discovery.shared.transport.decorator.EurekaHttpClientDecorator$2.execute(EurekaHttpClientDecorator.java:74) ~[eureka-client-2.0.4.jar:2.0.4]
	at com.netflix.discovery.shared.transport.decorator.SessionedEurekaHttpClient.execute(SessionedEurekaHttpClient.java:76) ~[eureka-client-2.0.4.jar:2.0.4]
	at com.netflix.discovery.shared.transport.decorator.EurekaHttpClientDecorator.cancel(EurekaHttpClientDecorator.java:71) ~[eureka-client-2.0.4.jar:2.0.4]
	at com.netflix.discovery.DiscoveryClient.unregister(DiscoveryClient.java:919) ~[eureka-client-2.0.4.jar:2.0.4]
	at com.netflix.discovery.DiscoveryClient.shutdown(DiscoveryClient.java:900) ~[eureka-client-2.0.4.jar:2.0.4]
	at java.base/jdk.internal.reflect.DirectMethodHandleAccessor.invoke(DirectMethodHandleAccessor.java:103) ~[na:na]
	at java.base/java.lang.reflect.Method.invoke(Method.java:580) ~[na:na]
	at org.springframework.beans.factory.annotation.InitDestroyAnnotationBeanPostProcessor$LifecycleMethod.invoke(InitDestroyAnnotationBeanPostProcessor.java:457) ~[spring-beans-6.2.8.jar:6.2.8]
	at org.springframework.beans.factory.annotation.InitDestroyAnnotationBeanPostProcessor$LifecycleMetadata.invokeDestroyMethods(InitDestroyAnnotationBeanPostProcessor.java:415) ~[spring-beans-6.2.8.jar:6.2.8]
	at org.springframework.beans.factory.annotation.InitDestroyAnnotationBeanPostProcessor.postProcessBeforeDestruction(InitDestroyAnnotationBeanPostProcessor.java:239) ~[spring-beans-6.2.8.jar:6.2.8]
	at org.springframework.beans.factory.support.DisposableBeanAdapter.destroy(DisposableBeanAdapter.java:202) ~[spring-beans-6.2.8.jar:6.2.8]
	at org.springframework.beans.factory.support.DisposableBeanAdapter.run(DisposableBeanAdapter.java:195) ~[spring-beans-6.2.8.jar:6.2.8]
	at org.springframework.cloud.context.scope.GenericScope$BeanLifecycleWrapper.destroy(GenericScope.java:387) ~[spring-cloud-context-4.3.0.jar:4.3.0]
	at org.springframework.cloud.context.scope.GenericScope.destroy(GenericScope.java:134) ~[spring-cloud-context-4.3.0.jar:4.3.0]
	at org.springframework.beans.factory.support.DisposableBeanAdapter.destroy(DisposableBeanAdapter.java:211) ~[spring-beans-6.2.8.jar:6.2.8]
	at org.springframework.beans.factory.support.DefaultSingletonBeanRegistry.destroyBean(DefaultSingletonBeanRegistry.java:798) ~[spring-beans-6.2.8.jar:6.2.8]
	at org.springframework.beans.factory.support.DefaultSingletonBeanRegistry.destroySingleton(DefaultSingletonBeanRegistry.java:748) ~[spring-beans-6.2.8.jar:6.2.8]
	at org.springframework.beans.factory.support.DefaultListableBeanFactory.destroySingleton(DefaultListableBeanFactory.java:1474) ~[spring-beans-6.2.8.jar:6.2.8]
	at org.springframework.beans.factory.support.DefaultSingletonBeanRegistry.destroySingletons(DefaultSingletonBeanRegistry.java:707) ~[spring-beans-6.2.8.jar:6.2.8]
	at org.springframework.beans.factory.support.DefaultListableBeanFactory.destroySingletons(DefaultListableBeanFactory.java:1467) ~[spring-beans-6.2.8.jar:6.2.8]
	at org.springframework.context.support.AbstractApplicationContext.destroyBeans(AbstractApplicationContext.java:1219) ~[spring-context-6.2.8.jar:6.2.8]
	at org.springframework.context.support.AbstractApplicationContext.doClose(AbstractApplicationContext.java:1180) ~[spring-context-6.2.8.jar:6.2.8]
	at org.springframework.boot.web.servlet.context.ServletWebServerApplicationContext.doClose(ServletWebServerApplicationContext.java:179) ~[spring-boot-3.5.3.jar:3.5.3]
	at org.springframework.context.support.AbstractApplicationContext.close(AbstractApplicationContext.java:1126) ~[spring-context-6.2.8.jar:6.2.8]
	at org.springframework.boot.SpringApplicationShutdownHook.closeAndWait(SpringApplicationShutdownHook.java:147) ~[spring-boot-3.5.3.jar:3.5.3]
	at java.base/java.lang.Iterable.forEach(Iterable.java:75) ~[na:na]
	at org.springframework.boot.SpringApplicationShutdownHook.run(SpringApplicationShutdownHook.java:116) ~[spring-boot-3.5.3.jar:3.5.3]
	at java.base/java.lang.Thread.run(Thread.java:1575) ~[na:na]

2025-07-22T16:17:50.272+05:30  INFO 29384 --- [student-service] [SpringApplicationShutdownHook] com.netflix.discovery.DiscoveryClient    : Completed shut down of DiscoveryClient
2025-07-22T16:19:05.815+05:30  INFO 28852 --- [student-service] [restartedMain] c.s.StudentServiceApplication            : Starting StudentServiceApplication using Java 23.0.1 with PID 28852 (C:\Users\mihir\Downloads\student-service\student-service\target\classes started by mihir in C:\Users\mihir\Downloads\MP\course-service)
2025-07-22T16:19:05.818+05:30  INFO 28852 --- [student-service] [restartedMain] c.s.StudentServiceApplication            : No active profile set, falling back to 1 default profile: "default"
2025-07-22T16:19:06.178+05:30  INFO 28852 --- [student-service] [restartedMain] .e.DevToolsPropertyDefaultsPostProcessor : Devtools property defaults active! Set 'spring.devtools.add-properties' to 'false' to disable
2025-07-22T16:19:06.181+05:30  INFO 28852 --- [student-service] [restartedMain] .e.DevToolsPropertyDefaultsPostProcessor : For additional web related logging consider setting the 'logging.level.web' property to 'DEBUG'
2025-07-22T16:19:11.070+05:30  INFO 28852 --- [student-service] [restartedMain] .s.d.r.c.RepositoryConfigurationDelegate : Bootstrapping Spring Data JPA repositories in DEFAULT mode.
2025-07-22T16:19:11.957+05:30  INFO 28852 --- [student-service] [restartedMain] .s.d.r.c.RepositoryConfigurationDelegate : Finished Spring Data repository scanning in 862 ms. Found 1 JPA repository interface.
2025-07-22T16:19:12.615+05:30  INFO 28852 --- [student-service] [restartedMain] o.s.cloud.context.scope.GenericScope     : BeanFactory id=b64be707-fbb3-354f-8bae-5baa62aa93a4
2025-07-22T16:19:14.003+05:30  INFO 28852 --- [student-service] [restartedMain] o.s.b.w.embedded.tomcat.TomcatWebServer  : Tomcat initialized with port 8052 (http)
2025-07-22T16:19:14.038+05:30  INFO 28852 --- [student-service] [restartedMain] o.apache.catalina.core.StandardService   : Starting service [Tomcat]
2025-07-22T16:19:14.039+05:30  INFO 28852 --- [student-service] [restartedMain] o.apache.catalina.core.StandardEngine    : Starting Servlet engine: [Apache Tomcat/10.1.42]
2025-07-22T16:19:14.175+05:30  INFO 28852 --- [student-service] [restartedMain] o.a.c.c.C.[Tomcat].[localhost].[/]       : Initializing Spring embedded WebApplicationContext
2025-07-22T16:19:14.177+05:30  INFO 28852 --- [student-service] [restartedMain] w.s.c.ServletWebServerApplicationContext : Root WebApplicationContext: initialization completed in 7992 ms
2025-07-22T16:19:14.964+05:30  INFO 28852 --- [student-service] [restartedMain] o.hibernate.jpa.internal.util.LogHelper  : HHH000204: Processing PersistenceUnitInfo [name: default]
2025-07-22T16:19:15.157+05:30  INFO 28852 --- [student-service] [restartedMain] org.hibernate.Version                    : HHH000412: Hibernate ORM core version 6.6.18.Final
2025-07-22T16:19:15.245+05:30  INFO 28852 --- [student-service] [restartedMain] o.h.c.internal.RegionFactoryInitiator    : HHH000026: Second-level cache disabled
2025-07-22T16:19:15.998+05:30  INFO 28852 --- [student-service] [restartedMain] o.s.o.j.p.SpringPersistenceUnitInfo      : No LoadTimeWeaver setup: ignoring JPA class transformer
2025-07-22T16:19:16.110+05:30  INFO 28852 --- [student-service] [restartedMain] com.zaxxer.hikari.HikariDataSource       : HikariPool-1 - Starting...
2025-07-22T16:19:17.279+05:30  INFO 28852 --- [student-service] [restartedMain] com.zaxxer.hikari.pool.HikariPool        : HikariPool-1 - Added connection com.mysql.cj.jdbc.ConnectionImpl@5a0154f
2025-07-22T16:19:17.281+05:30  INFO 28852 --- [student-service] [restartedMain] com.zaxxer.hikari.HikariDataSource       : HikariPool-1 - Start completed.
2025-07-22T16:19:17.507+05:30  INFO 28852 --- [student-service] [restartedMain] org.hibernate.orm.connections.pooling    : HHH10001005: Database info:
	Database JDBC URL [Connecting through datasource 'HikariDataSource (HikariPool-1)']
	Database driver: undefined/unknown
	Database version: 8.0.39
	Autocommit mode: undefined/unknown
	Isolation level: undefined/unknown
	Minimum pool size: undefined/unknown
	Maximum pool size: undefined/unknown
2025-07-22T16:19:19.653+05:30  INFO 28852 --- [student-service] [restartedMain] o.h.e.t.j.p.i.JtaPlatformInitiator       : HHH000489: No JTA platform available (set 'hibernate.transaction.jta.platform' to enable JTA platform integration)
2025-07-22T16:19:19.824+05:30  INFO 28852 --- [student-service] [restartedMain] j.LocalContainerEntityManagerFactoryBean : Initialized JPA EntityManagerFactory for persistence unit 'default'
2025-07-22T16:19:20.452+05:30  WARN 28852 --- [student-service] [restartedMain] JpaBaseConfiguration$JpaWebConfiguration : spring.jpa.open-in-view is enabled by default. Therefore, database queries may be performed during view rendering. Explicitly configure spring.jpa.open-in-view to disable this warning
2025-07-22T16:19:22.112+05:30  WARN 28852 --- [student-service] [restartedMain] o.s.b.d.a.OptionalLiveReloadServer       : Unable to start LiveReload server
2025-07-22T16:19:22.159+05:30  INFO 28852 --- [student-service] [restartedMain] DiscoveryClientOptionalArgsConfiguration : Eureka HTTP Client uses RestTemplate.
2025-07-22T16:19:22.411+05:30  WARN 28852 --- [student-service] [restartedMain] iguration$LoadBalancerCaffeineWarnLogger : Spring Cloud LoadBalancer is currently working with the default cache. While this cache implementation is useful for development and tests, it's recommended to use Caffeine cache in production.You can switch to using Caffeine cache, by adding it and org.springframework.cache.caffeine.CaffeineCacheManager to the classpath.
2025-07-22T16:19:22.422+05:30  INFO 28852 --- [student-service] [restartedMain] o.s.b.a.e.web.EndpointLinksResolver      : Exposing 3 endpoints beneath base path '/actuator'
2025-07-22T16:19:22.570+05:30  INFO 28852 --- [student-service] [restartedMain] o.s.c.n.eureka.InstanceInfoFactory       : Setting initial instance status as: STARTING
2025-07-22T16:19:22.618+05:30  INFO 28852 --- [student-service] [restartedMain] com.netflix.discovery.DiscoveryClient    : Initializing Eureka in region us-east-1
2025-07-22T16:19:22.628+05:30  INFO 28852 --- [student-service] [restartedMain] c.n.d.s.r.aws.ConfigClusterResolver      : Resolving eureka endpoints via configuration
2025-07-22T16:19:22.653+05:30  INFO 28852 --- [student-service] [restartedMain] com.netflix.discovery.DiscoveryClient    : Disable delta property : false
2025-07-22T16:19:22.653+05:30  INFO 28852 --- [student-service] [restartedMain] com.netflix.discovery.DiscoveryClient    : Single vip registry refresh property : null
2025-07-22T16:19:22.654+05:30  INFO 28852 --- [student-service] [restartedMain] com.netflix.discovery.DiscoveryClient    : Force full registry fetch : false
2025-07-22T16:19:22.654+05:30  INFO 28852 --- [student-service] [restartedMain] com.netflix.discovery.DiscoveryClient    : Application is null : false
2025-07-22T16:19:22.654+05:30  INFO 28852 --- [student-service] [restartedMain] com.netflix.discovery.DiscoveryClient    : Registered Applications size is zero : true
2025-07-22T16:19:22.654+05:30  INFO 28852 --- [student-service] [restartedMain] com.netflix.discovery.DiscoveryClient    : Application version is -1: true
2025-07-22T16:19:22.654+05:30  INFO 28852 --- [student-service] [restartedMain] com.netflix.discovery.DiscoveryClient    : Getting all instance registry info from the eureka server
2025-07-22T16:19:23.524+05:30  INFO 28852 --- [student-service] [restartedMain] com.netflix.discovery.DiscoveryClient    : The response status is 200
2025-07-22T16:19:23.529+05:30  INFO 28852 --- [student-service] [restartedMain] com.netflix.discovery.DiscoveryClient    : Starting heartbeat executor: renew interval is: 30
2025-07-22T16:19:23.533+05:30  INFO 28852 --- [student-service] [restartedMain] c.n.discovery.InstanceInfoReplicator     : InstanceInfoReplicator onDemand update allowed rate per min is 4
2025-07-22T16:19:23.539+05:30  INFO 28852 --- [student-service] [restartedMain] com.netflix.discovery.DiscoveryClient    : Discovery Client initialized at timestamp 1753181363538 with initial instances count: 1
2025-07-22T16:19:23.545+05:30  INFO 28852 --- [student-service] [restartedMain] o.s.c.n.e.s.EurekaServiceRegistry        : Registering application STUDENT-SERVICE with eureka with status UP
2025-07-22T16:19:23.546+05:30  INFO 28852 --- [student-service] [restartedMain] com.netflix.discovery.DiscoveryClient    : Saw local status change event StatusChangeEvent [timestamp=1753181363546, current=UP, previous=STARTING]
2025-07-22T16:19:23.549+05:30  INFO 28852 --- [student-service] [DiscoveryClient-InstanceInfoReplicator-%d] com.netflix.discovery.DiscoveryClient    : DiscoveryClient_STUDENT-SERVICE/Mihir.mshome.net:student-service:8052: registering service...
2025-07-22T16:19:23.618+05:30  INFO 28852 --- [student-service] [restartedMain] o.s.b.w.embedded.tomcat.TomcatWebServer  : Tomcat started on port 8052 (http) with context path '/'
2025-07-22T16:19:23.620+05:30  INFO 28852 --- [student-service] [restartedMain] .s.c.n.e.s.EurekaAutoServiceRegistration : Updating port to 8052
2025-07-22T16:19:23.654+05:30  INFO 28852 --- [student-service] [restartedMain] c.s.StudentServiceApplication            : Started StudentServiceApplication in 19.264 seconds (process running for 24.314)
2025-07-22T16:19:23.658+05:30  INFO 28852 --- [student-service] [DiscoveryClient-InstanceInfoReplicator-%d] com.netflix.discovery.DiscoveryClient    : DiscoveryClient_STUDENT-SERVICE/Mihir.mshome.net:student-service:8052 - registration status: 204
2025-07-22T16:19:24.215+05:30  INFO 28852 --- [student-service] [RMI TCP Connection(2)-192.168.1.6] o.a.c.c.C.[Tomcat].[localhost].[/]       : Initializing Spring DispatcherServlet 'dispatcherServlet'
2025-07-22T16:19:24.215+05:30  INFO 28852 --- [student-service] [RMI TCP Connection(2)-192.168.1.6] o.s.web.servlet.DispatcherServlet        : Initializing Servlet 'dispatcherServlet'
2025-07-22T16:19:24.219+05:30  INFO 28852 --- [student-service] [RMI TCP Connection(2)-192.168.1.6] o.s.web.servlet.DispatcherServlet        : Completed initialization in 2 ms
2025-07-22T16:20:54.218+05:30  INFO 28852 --- [student-service] [DiscoveryClient-HeartbeatExecutor-%d] com.netflix.discovery.DiscoveryClient    : DiscoveryClient_STUDENT-SERVICE/Mihir.mshome.net:student-service:8052 - Re-registering apps/STUDENT-SERVICE
2025-07-22T16:20:54.252+05:30  INFO 28852 --- [student-service] [DiscoveryClient-HeartbeatExecutor-%d] com.netflix.discovery.DiscoveryClient    : DiscoveryClient_STUDENT-SERVICE/Mihir.mshome.net:student-service:8052: registering service...
2025-07-22T16:20:54.293+05:30  INFO 28852 --- [student-service] [DiscoveryClient-HeartbeatExecutor-%d] com.netflix.discovery.DiscoveryClient    : DiscoveryClient_STUDENT-SERVICE/Mihir.mshome.net:student-service:8052 - registration status: 204
2025-07-22T16:21:24.056+05:30  INFO 28852 --- [student-service] [DiscoveryClient-CacheRefreshExecutor-%d] com.netflix.discovery.DiscoveryClient    : Disable delta property : false
2025-07-22T16:21:24.077+05:30  INFO 28852 --- [student-service] [DiscoveryClient-CacheRefreshExecutor-%d] com.netflix.discovery.DiscoveryClient    : Single vip registry refresh property : null
2025-07-22T16:21:24.077+05:30  INFO 28852 --- [student-service] [DiscoveryClient-CacheRefreshExecutor-%d] com.netflix.discovery.DiscoveryClient    : Force full registry fetch : false
2025-07-22T16:21:24.077+05:30  INFO 28852 --- [student-service] [DiscoveryClient-CacheRefreshExecutor-%d] com.netflix.discovery.DiscoveryClient    : Application is null : false
2025-07-22T16:21:24.077+05:30  INFO 28852 --- [student-service] [DiscoveryClient-CacheRefreshExecutor-%d] com.netflix.discovery.DiscoveryClient    : Registered Applications size is zero : true
2025-07-22T16:21:24.077+05:30  INFO 28852 --- [student-service] [DiscoveryClient-CacheRefreshExecutor-%d] com.netflix.discovery.DiscoveryClient    : Application version is -1: false
2025-07-22T16:21:24.080+05:30  INFO 28852 --- [student-service] [DiscoveryClient-CacheRefreshExecutor-%d] com.netflix.discovery.DiscoveryClient    : Getting all instance registry info from the eureka server
2025-07-22T16:21:24.175+05:30  INFO 28852 --- [student-service] [DiscoveryClient-CacheRefreshExecutor-%d] com.netflix.discovery.DiscoveryClient    : The response status is 200
2025-07-22T16:21:33.208+05:30  INFO 28852 --- [student-service] [http-nio-8052-exec-1] c.s.controller.StudentController         : getStudentById
2025-07-22T16:24:22.702+05:30  INFO 28852 --- [student-service] [AsyncResolver-bootstrap-executor-%d] c.n.d.s.r.aws.ConfigClusterResolver      : Resolving eureka endpoints via configuration
2025-07-22T16:29:22.772+05:30  INFO 28852 --- [student-service] [AsyncResolver-bootstrap-executor-%d] c.n.d.s.r.aws.ConfigClusterResolver      : Resolving eureka endpoints via configuration
2025-07-22T16:34:22.855+05:30  INFO 28852 --- [student-service] [AsyncResolver-bootstrap-executor-%d] c.n.d.s.r.aws.ConfigClusterResolver      : Resolving eureka endpoints via configuration
2025-07-22T16:39:22.914+05:30  INFO 28852 --- [student-service] [AsyncResolver-bootstrap-executor-%d] c.n.d.s.r.aws.ConfigClusterResolver      : Resolving eureka endpoints via configuration
2025-07-22T16:51:03.264+05:30  WARN 28852 --- [student-service] [HikariPool-1:housekeeper] com.zaxxer.hikari.pool.HikariPool        : HikariPool-1 - Thread starvation or clock leap detected (housekeeper delta=8m45s61ms623µs600ns).
2025-07-22T16:52:51.574+05:30  INFO 28852 --- [student-service] [AsyncResolver-bootstrap-executor-%d] c.n.d.s.r.aws.ConfigClusterResolver      : Resolving eureka endpoints via configuration
2025-07-22T16:57:51.626+05:30  INFO 28852 --- [student-service] [AsyncResolver-bootstrap-executor-%d] c.n.d.s.r.aws.ConfigClusterResolver      : Resolving eureka endpoints via configuration
2025-07-22T17:02:51.702+05:30  INFO 28852 --- [student-service] [AsyncResolver-bootstrap-executor-%d] c.n.d.s.r.aws.ConfigClusterResolver      : Resolving eureka endpoints via configuration
2025-07-22T17:07:51.760+05:30  INFO 28852 --- [student-service] [AsyncResolver-bootstrap-executor-%d] c.n.d.s.r.aws.ConfigClusterResolver      : Resolving eureka endpoints via configuration
2025-07-22T17:12:51.771+05:30  INFO 28852 --- [student-service] [AsyncResolver-bootstrap-executor-%d] c.n.d.s.r.aws.ConfigClusterResolver      : Resolving eureka endpoints via configuration
2025-07-22T17:17:51.796+05:30  INFO 28852 --- [student-service] [AsyncResolver-bootstrap-executor-%d] c.n.d.s.r.aws.ConfigClusterResolver      : Resolving eureka endpoints via configuration
2025-07-22T17:47:53.296+05:30  WARN 28852 --- [student-service] [HikariPool-1:housekeeper] com.zaxxer.hikari.pool.HikariPool        : HikariPool-1 - Thread starvation or clock leap detected (housekeeper delta=28m49s453ms478µs).
2025-07-22T17:51:19.388+05:30  INFO 28852 --- [student-service] [AsyncResolver-bootstrap-executor-%d] c.n.d.s.r.aws.ConfigClusterResolver      : Resolving eureka endpoints via configuration
2025-07-22T17:56:19.446+05:30  INFO 28852 --- [student-service] [AsyncResolver-bootstrap-executor-%d] c.n.d.s.r.aws.ConfigClusterResolver      : Resolving eureka endpoints via configuration
2025-07-22T18:01:19.461+05:30  INFO 28852 --- [student-service] [AsyncResolver-bootstrap-executor-%d] c.n.d.s.r.aws.ConfigClusterResolver      : Resolving eureka endpoints via configuration
2025-07-22T18:06:19.493+05:30  INFO 28852 --- [student-service] [AsyncResolver-bootstrap-executor-%d] c.n.d.s.r.aws.ConfigClusterResolver      : Resolving eureka endpoints via configuration
2025-07-22T18:11:19.516+05:30  INFO 28852 --- [student-service] [AsyncResolver-bootstrap-executor-%d] c.n.d.s.r.aws.ConfigClusterResolver      : Resolving eureka endpoints via configuration
2025-07-22T18:16:20.249+05:30  INFO 28852 --- [student-service] [AsyncResolver-bootstrap-executor-%d] c.n.d.s.r.aws.ConfigClusterResolver      : Resolving eureka endpoints via configuration
2025-07-22T18:21:20.360+05:30  INFO 28852 --- [student-service] [AsyncResolver-bootstrap-executor-%d] c.n.d.s.r.aws.ConfigClusterResolver      : Resolving eureka endpoints via configuration
2025-07-22T18:26:20.416+05:30  INFO 28852 --- [student-service] [AsyncResolver-bootstrap-executor-%d] c.n.d.s.r.aws.ConfigClusterResolver      : Resolving eureka endpoints via configuration
